<?xml version="1.0" encoding="UTF-8"?>
<testsuite name="loc.balsen.kontospring.upload.ImportbaseTest" tests="1" skipped="0" failures="0" errors="0" timestamp="2018-10-01T11:32:51" hostname="lnx-main" time="0.102">
  <properties/>
  <testcase name="testSave" classname="loc.balsen.kontospring.upload.ImportbaseTest" time="0.102"/>
  <system-out><![CDATA[13:32:48.661 [Test worker] DEBUG org.springframework.data.repository.config.RepositoryConfigurationDelegate - Spring Data JPA - Registering repository: belegRepository - Interface: loc.balsen.kontospring.repositories.BelegRepository - Factory: org.springframework.data.jpa.repository.support.JpaRepositoryFactoryBean
13:32:48.665 [Test worker] DEBUG org.springframework.data.repository.config.RepositoryConfigurationDelegate - Spring Data JPA - Registering repository: templateRepository - Interface: loc.balsen.kontospring.repositories.TemplateRepository - Factory: org.springframework.data.jpa.repository.support.JpaRepositoryFactoryBean
13:32:49.207 [Test worker] DEBUG com.zaxxer.hikari.HikariConfig - Driver class org.h2.Driver found in Thread context class loader sun.misc.Launcher$AppClassLoader@6bc7c054
13:32:49.422 [Test worker] DEBUG org.jboss.logging - Logging Provider: org.jboss.logging.Log4j2LoggerProvider
13:32:49.427 [Test worker] DEBUG com.zaxxer.hikari.HikariConfig - HikariPool-1 - configuration:
13:32:49.428 [Test worker] DEBUG com.zaxxer.hikari.HikariConfig - allowPoolSuspension.............false
13:32:49.428 [Test worker] DEBUG com.zaxxer.hikari.HikariConfig - autoCommit......................true
13:32:49.428 [Test worker] DEBUG com.zaxxer.hikari.HikariConfig - catalog.........................none
13:32:49.429 [Test worker] DEBUG com.zaxxer.hikari.HikariConfig - connectionInitSql...............none
13:32:49.429 [Test worker] DEBUG com.zaxxer.hikari.HikariConfig - connectionTestQuery.............none
13:32:49.429 [Test worker] DEBUG com.zaxxer.hikari.HikariConfig - connectionTimeout...............30000
13:32:49.429 [Test worker] DEBUG com.zaxxer.hikari.HikariConfig - dataSource......................none
13:32:49.429 [Test worker] DEBUG com.zaxxer.hikari.HikariConfig - dataSourceClassName.............none
13:32:49.429 [Test worker] DEBUG com.zaxxer.hikari.HikariConfig - dataSourceJNDI..................none
13:32:49.430 [Test worker] DEBUG com.zaxxer.hikari.HikariConfig - dataSourceProperties............{password=<masked>}
13:32:49.430 [Test worker] DEBUG com.zaxxer.hikari.HikariConfig - driverClassName................."org.h2.Driver"
13:32:49.430 [Test worker] DEBUG com.zaxxer.hikari.HikariConfig - healthCheckProperties...........{}
13:32:49.430 [Test worker] DEBUG com.zaxxer.hikari.HikariConfig - healthCheckRegistry.............none
13:32:49.430 [Test worker] DEBUG com.zaxxer.hikari.HikariConfig - idleTimeout.....................600000
13:32:49.430 [Test worker] DEBUG com.zaxxer.hikari.HikariConfig - initializationFailFast..........true
13:32:49.430 [Test worker] DEBUG com.zaxxer.hikari.HikariConfig - initializationFailTimeout.......1
13:32:49.430 [Test worker] DEBUG com.zaxxer.hikari.HikariConfig - isolateInternalQueries..........false
13:32:49.431 [Test worker] DEBUG com.zaxxer.hikari.HikariConfig - jdbc4ConnectionTest.............false
13:32:49.431 [Test worker] DEBUG com.zaxxer.hikari.HikariConfig - jdbcUrl.........................jdbc:h2:mem:db;DB_CLOSE_DELAY=-1
13:32:49.431 [Test worker] DEBUG com.zaxxer.hikari.HikariConfig - leakDetectionThreshold..........0
13:32:49.431 [Test worker] DEBUG com.zaxxer.hikari.HikariConfig - maxLifetime.....................1800000
13:32:49.431 [Test worker] DEBUG com.zaxxer.hikari.HikariConfig - maximumPoolSize.................10
13:32:49.431 [Test worker] DEBUG com.zaxxer.hikari.HikariConfig - metricRegistry..................none
13:32:49.431 [Test worker] DEBUG com.zaxxer.hikari.HikariConfig - metricsTrackerFactory...........com.zaxxer.hikari.metrics.micrometer.MicrometerMetricsTrackerFactory@3ce15fd8
13:32:49.431 [Test worker] DEBUG com.zaxxer.hikari.HikariConfig - minimumIdle.....................10
13:32:49.431 [Test worker] DEBUG com.zaxxer.hikari.HikariConfig - password........................<masked>
13:32:49.432 [Test worker] DEBUG com.zaxxer.hikari.HikariConfig - poolName........................"HikariPool-1"
13:32:49.432 [Test worker] DEBUG com.zaxxer.hikari.HikariConfig - readOnly........................false
13:32:49.432 [Test worker] DEBUG com.zaxxer.hikari.HikariConfig - registerMbeans..................false
13:32:49.432 [Test worker] DEBUG com.zaxxer.hikari.HikariConfig - scheduledExecutor...............none
13:32:49.432 [Test worker] DEBUG com.zaxxer.hikari.HikariConfig - scheduledExecutorService........internal
13:32:49.432 [Test worker] DEBUG com.zaxxer.hikari.HikariConfig - schema..........................none
13:32:49.432 [Test worker] DEBUG com.zaxxer.hikari.HikariConfig - threadFactory...................internal
13:32:49.432 [Test worker] DEBUG com.zaxxer.hikari.HikariConfig - transactionIsolation............default
13:32:49.432 [Test worker] DEBUG com.zaxxer.hikari.HikariConfig - username........................"sa"
13:32:49.432 [Test worker] DEBUG com.zaxxer.hikari.HikariConfig - validationTimeout...............5000
13:32:49.432 [Test worker] INFO com.zaxxer.hikari.HikariDataSource - HikariPool-1 - Starting...
13:32:49.523 [Test worker] DEBUG com.zaxxer.hikari.pool.HikariPool - HikariPool-1 - Added connection conn0: url=jdbc:h2:mem:db user=SA
13:32:49.536 [Test worker] INFO com.zaxxer.hikari.HikariDataSource - HikariPool-1 - Start completed.
13:32:49.599 [Test worker] DEBUG org.hibernate.jpa.internal.util.LogHelper - PersistenceUnitInfo [
	name: default
	persistence provider classname: null
	classloader: sun.misc.Launcher$AppClassLoader@6bc7c054
	excludeUnlistedClasses: true
	JTA datasource: null
	Non JTA datasource: HikariDataSource (HikariPool-1)
	Transaction type: RESOURCE_LOCAL
	PU root URL: file:/home/webproject/projects/kontospring/build/classes/java/test/
	Shared Cache Mode: UNSPECIFIED
	Validation Mode: AUTO
	Jar files URLs []
	Managed classes names [
		loc.balsen.kontospring.data.Beleg
		loc.balsen.kontospring.data.Konto
		loc.balsen.kontospring.data.KontoGruppe
		loc.balsen.kontospring.data.Plan
		loc.balsen.kontospring.data.PlanHistory
		loc.balsen.kontospring.data.Template
		loc.balsen.kontospring.data.Zuordnung]
	Mapping files names []
	Properties []
13:32:49.609 [Test worker] DEBUG org.hibernate.integrator.internal.IntegratorServiceImpl - Adding Integrator [org.hibernate.cfg.beanvalidation.BeanValidationIntegrator].
13:32:49.611 [Test worker] DEBUG org.hibernate.integrator.internal.IntegratorServiceImpl - Adding Integrator [org.hibernate.secure.spi.JaccIntegrator].
13:32:49.614 [Test worker] DEBUG org.hibernate.integrator.internal.IntegratorServiceImpl - Adding Integrator [org.hibernate.cache.internal.CollectionCacheInvalidator].
13:32:49.614 [Test worker] DEBUG org.hibernate.integrator.internal.IntegratorServiceImpl - Adding Integrator [org.hibernate.jpa.event.spi.JpaIntegrator].
13:32:49.636 [HikariPool-1 housekeeper] DEBUG com.zaxxer.hikari.pool.HikariPool - HikariPool-1 - Pool stats (total=1, active=0, idle=1, waiting=0)
13:32:49.638 [HikariPool-1 connection adder] DEBUG com.zaxxer.hikari.pool.HikariPool - HikariPool-1 - Added connection conn1: url=jdbc:h2:mem:db user=SA
13:32:49.638 [HikariPool-1 connection adder] DEBUG com.zaxxer.hikari.pool.HikariPool - HikariPool-1 - Added connection conn2: url=jdbc:h2:mem:db user=SA
13:32:49.639 [HikariPool-1 connection adder] DEBUG com.zaxxer.hikari.pool.HikariPool - HikariPool-1 - Added connection conn3: url=jdbc:h2:mem:db user=SA
13:32:49.639 [HikariPool-1 connection adder] DEBUG com.zaxxer.hikari.pool.HikariPool - HikariPool-1 - Added connection conn4: url=jdbc:h2:mem:db user=SA
13:32:49.640 [HikariPool-1 connection adder] DEBUG com.zaxxer.hikari.pool.HikariPool - HikariPool-1 - Added connection conn5: url=jdbc:h2:mem:db user=SA
13:32:49.640 [HikariPool-1 connection adder] DEBUG com.zaxxer.hikari.pool.HikariPool - HikariPool-1 - Added connection conn6: url=jdbc:h2:mem:db user=SA
13:32:49.640 [HikariPool-1 connection adder] DEBUG com.zaxxer.hikari.pool.HikariPool - HikariPool-1 - Added connection conn7: url=jdbc:h2:mem:db user=SA
13:32:49.641 [HikariPool-1 connection adder] DEBUG com.zaxxer.hikari.pool.HikariPool - HikariPool-1 - Added connection conn8: url=jdbc:h2:mem:db user=SA
13:32:49.641 [HikariPool-1 connection adder] DEBUG com.zaxxer.hikari.pool.HikariPool - HikariPool-1 - Added connection conn9: url=jdbc:h2:mem:db user=SA
13:32:49.641 [HikariPool-1 connection adder] DEBUG com.zaxxer.hikari.pool.HikariPool - HikariPool-1 - After adding stats (total=10, active=0, idle=10, waiting=0)
13:32:49.651 [Test worker] INFO org.hibernate.Version - HHH000412: Hibernate Core {5.2.17.Final}
13:32:49.652 [Test worker] INFO org.hibernate.cfg.Environment - HHH000206: hibernate.properties not found
13:32:49.659 [Test worker] DEBUG org.hibernate.service.spi.ServiceBinding - Overriding existing service binding [org.hibernate.secure.spi.JaccService]
13:32:49.672 [Test worker] DEBUG org.hibernate.cache.internal.RegionFactoryInitiator - Cache region factory : org.hibernate.cache.internal.NoCachingRegionFactory
13:32:49.678 [Test worker] INFO org.hibernate.annotations.common.Version - HCANN000001: Hibernate Commons Annotations {5.0.1.Final}
13:32:49.760 [Test worker] DEBUG org.hibernate.type.BasicTypeRegistry - Adding type registration boolean -> org.hibernate.type.BooleanType@69710db
13:32:49.760 [Test worker] DEBUG org.hibernate.type.BasicTypeRegistry - Adding type registration boolean -> org.hibernate.type.BooleanType@69710db
13:32:49.760 [Test worker] DEBUG org.hibernate.type.BasicTypeRegistry - Adding type registration java.lang.Boolean -> org.hibernate.type.BooleanType@69710db
13:32:49.761 [Test worker] DEBUG org.hibernate.type.BasicTypeRegistry - Adding type registration numeric_boolean -> org.hibernate.type.NumericBooleanType@17fd4f14
13:32:49.762 [Test worker] DEBUG org.hibernate.type.BasicTypeRegistry - Adding type registration true_false -> org.hibernate.type.TrueFalseType@7d85d21d
13:32:49.763 [Test worker] DEBUG org.hibernate.type.BasicTypeRegistry - Adding type registration yes_no -> org.hibernate.type.YesNoType@69dccefd
13:32:49.764 [Test worker] DEBUG org.hibernate.type.BasicTypeRegistry - Adding type registration byte -> org.hibernate.type.ByteType@693564f2
13:32:49.764 [Test worker] DEBUG org.hibernate.type.BasicTypeRegistry - Adding type registration byte -> org.hibernate.type.ByteType@693564f2
13:32:49.764 [Test worker] DEBUG org.hibernate.type.BasicTypeRegistry - Adding type registration java.lang.Byte -> org.hibernate.type.ByteType@693564f2
13:32:49.765 [Test worker] DEBUG org.hibernate.type.BasicTypeRegistry - Adding type registration character -> org.hibernate.type.CharacterType@5b472db8
13:32:49.766 [Test worker] DEBUG org.hibernate.type.BasicTypeRegistry - Adding type registration char -> org.hibernate.type.CharacterType@5b472db8
13:32:49.766 [Test worker] DEBUG org.hibernate.type.BasicTypeRegistry - Adding type registration java.lang.Character -> org.hibernate.type.CharacterType@5b472db8
13:32:49.767 [Test worker] DEBUG org.hibernate.type.BasicTypeRegistry - Adding type registration short -> org.hibernate.type.ShortType@6a394df8
13:32:49.767 [Test worker] DEBUG org.hibernate.type.BasicTypeRegistry - Adding type registration short -> org.hibernate.type.ShortType@6a394df8
13:32:49.767 [Test worker] DEBUG org.hibernate.type.BasicTypeRegistry - Adding type registration java.lang.Short -> org.hibernate.type.ShortType@6a394df8
13:32:49.768 [Test worker] DEBUG org.hibernate.type.BasicTypeRegistry - Adding type registration integer -> org.hibernate.type.IntegerType@fe15588
13:32:49.768 [Test worker] DEBUG org.hibernate.type.BasicTypeRegistry - Adding type registration int -> org.hibernate.type.IntegerType@fe15588
13:32:49.768 [Test worker] DEBUG org.hibernate.type.BasicTypeRegistry - Adding type registration java.lang.Integer -> org.hibernate.type.IntegerType@fe15588
13:32:49.769 [Test worker] DEBUG org.hibernate.type.BasicTypeRegistry - Adding type registration long -> org.hibernate.type.LongType@21ad9499
13:32:49.770 [Test worker] DEBUG org.hibernate.type.BasicTypeRegistry - Adding type registration long -> org.hibernate.type.LongType@21ad9499
13:32:49.770 [Test worker] DEBUG org.hibernate.type.BasicTypeRegistry - Adding type registration java.lang.Long -> org.hibernate.type.LongType@21ad9499
13:32:49.771 [Test worker] DEBUG org.hibernate.type.BasicTypeRegistry - Adding type registration float -> org.hibernate.type.FloatType@47601516
13:32:49.771 [Test worker] DEBUG org.hibernate.type.BasicTypeRegistry - Adding type registration float -> org.hibernate.type.FloatType@47601516
13:32:49.771 [Test worker] DEBUG org.hibernate.type.BasicTypeRegistry - Adding type registration java.lang.Float -> org.hibernate.type.FloatType@47601516
13:32:49.772 [Test worker] DEBUG org.hibernate.type.BasicTypeRegistry - Adding type registration double -> org.hibernate.type.DoubleType@3546f153
13:32:49.772 [Test worker] DEBUG org.hibernate.type.BasicTypeRegistry - Adding type registration double -> org.hibernate.type.DoubleType@3546f153
13:32:49.772 [Test worker] DEBUG org.hibernate.type.BasicTypeRegistry - Adding type registration java.lang.Double -> org.hibernate.type.DoubleType@3546f153
13:32:49.773 [Test worker] DEBUG org.hibernate.type.BasicTypeRegistry - Adding type registration big_decimal -> org.hibernate.type.BigDecimalType@184598df
13:32:49.773 [Test worker] DEBUG org.hibernate.type.BasicTypeRegistry - Adding type registration java.math.BigDecimal -> org.hibernate.type.BigDecimalType@184598df
13:32:49.774 [Test worker] DEBUG org.hibernate.type.BasicTypeRegistry - Adding type registration big_integer -> org.hibernate.type.BigIntegerType@9cba20c
13:32:49.774 [Test worker] DEBUG org.hibernate.type.BasicTypeRegistry - Adding type registration java.math.BigInteger -> org.hibernate.type.BigIntegerType@9cba20c
13:32:49.775 [Test worker] DEBUG org.hibernate.type.BasicTypeRegistry - Adding type registration string -> org.hibernate.type.StringType@3f354e98
13:32:49.775 [Test worker] DEBUG org.hibernate.type.BasicTypeRegistry - Adding type registration java.lang.String -> org.hibernate.type.StringType@3f354e98
13:32:49.775 [Test worker] DEBUG org.hibernate.type.BasicTypeRegistry - Adding type registration nstring -> org.hibernate.type.StringNVarcharType@ee79004
13:32:49.776 [Test worker] DEBUG org.hibernate.type.BasicTypeRegistry - Adding type registration ncharacter -> org.hibernate.type.CharacterNCharType@fa905f9
13:32:49.776 [Test worker] DEBUG org.hibernate.type.BasicTypeRegistry - Adding type registration url -> org.hibernate.type.UrlType@3bfef98a
13:32:49.776 [Test worker] DEBUG org.hibernate.type.BasicTypeRegistry - Adding type registration java.net.URL -> org.hibernate.type.UrlType@3bfef98a
13:32:49.777 [Test worker] DEBUG org.hibernate.type.BasicTypeRegistry - Adding type registration Duration -> org.hibernate.type.DurationType@749ccb5
13:32:49.777 [Test worker] DEBUG org.hibernate.type.BasicTypeRegistry - Adding type registration java.time.Duration -> org.hibernate.type.DurationType@749ccb5
13:32:49.778 [Test worker] DEBUG org.hibernate.type.BasicTypeRegistry - Adding type registration Instant -> org.hibernate.type.InstantType@c2162cd
13:32:49.778 [Test worker] DEBUG org.hibernate.type.BasicTypeRegistry - Adding type registration java.time.Instant -> org.hibernate.type.InstantType@c2162cd
13:32:49.779 [Test worker] DEBUG org.hibernate.type.BasicTypeRegistry - Adding type registration LocalDateTime -> org.hibernate.type.LocalDateTimeType@33031f10
13:32:49.779 [Test worker] DEBUG org.hibernate.type.BasicTypeRegistry - Adding type registration java.time.LocalDateTime -> org.hibernate.type.LocalDateTimeType@33031f10
13:32:49.780 [Test worker] DEBUG org.hibernate.type.BasicTypeRegistry - Adding type registration LocalDate -> org.hibernate.type.LocalDateType@4750ef3b
13:32:49.780 [Test worker] DEBUG org.hibernate.type.BasicTypeRegistry - Adding type registration java.time.LocalDate -> org.hibernate.type.LocalDateType@4750ef3b
13:32:49.781 [Test worker] DEBUG org.hibernate.type.BasicTypeRegistry - Adding type registration LocalTime -> org.hibernate.type.LocalTimeType@7eda3cc2
13:32:49.781 [Test worker] DEBUG org.hibernate.type.BasicTypeRegistry - Adding type registration java.time.LocalTime -> org.hibernate.type.LocalTimeType@7eda3cc2
13:32:49.781 [Test worker] DEBUG org.hibernate.type.BasicTypeRegistry - Adding type registration OffsetDateTime -> org.hibernate.type.OffsetDateTimeType@62a4e72e
13:32:49.781 [Test worker] DEBUG org.hibernate.type.BasicTypeRegistry - Adding type registration java.time.OffsetDateTime -> org.hibernate.type.OffsetDateTimeType@62a4e72e
13:32:49.782 [Test worker] DEBUG org.hibernate.type.BasicTypeRegistry - Adding type registration OffsetTime -> org.hibernate.type.OffsetTimeType@620fcf2f
13:32:49.782 [Test worker] DEBUG org.hibernate.type.BasicTypeRegistry - Adding type registration java.time.OffsetTime -> org.hibernate.type.OffsetTimeType@620fcf2f
13:32:49.784 [Test worker] DEBUG org.hibernate.type.BasicTypeRegistry - Adding type registration ZonedDateTime -> org.hibernate.type.ZonedDateTimeType@681e6765
13:32:49.784 [Test worker] DEBUG org.hibernate.type.BasicTypeRegistry - Adding type registration java.time.ZonedDateTime -> org.hibernate.type.ZonedDateTimeType@681e6765
13:32:49.785 [Test worker] DEBUG org.hibernate.type.BasicTypeRegistry - Adding type registration date -> org.hibernate.type.DateType@7a8828f4
13:32:49.785 [Test worker] DEBUG org.hibernate.type.BasicTypeRegistry - Adding type registration java.sql.Date -> org.hibernate.type.DateType@7a8828f4
13:32:49.786 [Test worker] DEBUG org.hibernate.type.BasicTypeRegistry - Adding type registration time -> org.hibernate.type.TimeType@4168a11a
13:32:49.787 [Test worker] DEBUG org.hibernate.type.BasicTypeRegistry - Adding type registration java.sql.Time -> org.hibernate.type.TimeType@4168a11a
13:32:49.787 [Test worker] DEBUG org.hibernate.type.BasicTypeRegistry - Adding type registration timestamp -> org.hibernate.type.TimestampType@71dcd0d5
13:32:49.788 [Test worker] DEBUG org.hibernate.type.BasicTypeRegistry - Adding type registration java.sql.Timestamp -> org.hibernate.type.TimestampType@71dcd0d5
13:32:49.788 [Test worker] DEBUG org.hibernate.type.BasicTypeRegistry - Adding type registration java.util.Date -> org.hibernate.type.TimestampType@71dcd0d5
13:32:49.789 [Test worker] DEBUG org.hibernate.type.BasicTypeRegistry - Adding type registration dbtimestamp -> org.hibernate.type.DbTimestampType@5fc40eb8
13:32:49.789 [Test worker] DEBUG org.hibernate.type.BasicTypeRegistry - Adding type registration calendar -> org.hibernate.type.CalendarType@126ead40
13:32:49.789 [Test worker] DEBUG org.hibernate.type.BasicTypeRegistry - Adding type registration java.util.Calendar -> org.hibernate.type.CalendarType@126ead40
13:32:49.790 [Test worker] DEBUG org.hibernate.type.BasicTypeRegistry - Adding type registration java.util.GregorianCalendar -> org.hibernate.type.CalendarType@126ead40
13:32:49.790 [Test worker] DEBUG org.hibernate.type.BasicTypeRegistry - Adding type registration calendar_date -> org.hibernate.type.CalendarDateType@6982cf77
13:32:49.791 [Test worker] DEBUG org.hibernate.type.BasicTypeRegistry - Adding type registration locale -> org.hibernate.type.LocaleType@2ac50f03
13:32:49.791 [Test worker] DEBUG org.hibernate.type.BasicTypeRegistry - Adding type registration java.util.Locale -> org.hibernate.type.LocaleType@2ac50f03
13:32:49.792 [Test worker] DEBUG org.hibernate.type.BasicTypeRegistry - Adding type registration currency -> org.hibernate.type.CurrencyType@a12f7c3
13:32:49.792 [Test worker] DEBUG org.hibernate.type.BasicTypeRegistry - Adding type registration java.util.Currency -> org.hibernate.type.CurrencyType@a12f7c3
13:32:49.792 [Test worker] DEBUG org.hibernate.type.BasicTypeRegistry - Adding type registration timezone -> org.hibernate.type.TimeZoneType@e7b3f41
13:32:49.793 [Test worker] DEBUG org.hibernate.type.BasicTypeRegistry - Adding type registration java.util.TimeZone -> org.hibernate.type.TimeZoneType@e7b3f41
13:32:49.793 [Test worker] DEBUG org.hibernate.type.BasicTypeRegistry - Adding type registration class -> org.hibernate.type.ClassType@5a954930
13:32:49.793 [Test worker] DEBUG org.hibernate.type.BasicTypeRegistry - Adding type registration java.lang.Class -> org.hibernate.type.ClassType@5a954930
13:32:49.794 [Test worker] DEBUG org.hibernate.type.BasicTypeRegistry - Adding type registration uuid-binary -> org.hibernate.type.UUIDBinaryType@7884c6b6
13:32:49.794 [Test worker] DEBUG org.hibernate.type.BasicTypeRegistry - Adding type registration java.util.UUID -> org.hibernate.type.UUIDBinaryType@7884c6b6
13:32:49.795 [Test worker] DEBUG org.hibernate.type.BasicTypeRegistry - Adding type registration uuid-char -> org.hibernate.type.UUIDCharType@709f4e0c
13:32:49.796 [Test worker] DEBUG org.hibernate.type.BasicTypeRegistry - Adding type registration binary -> org.hibernate.type.BinaryType@6b217466
13:32:49.796 [Test worker] DEBUG org.hibernate.type.BasicTypeRegistry - Adding type registration byte[] -> org.hibernate.type.BinaryType@6b217466
13:32:49.796 [Test worker] DEBUG org.hibernate.type.BasicTypeRegistry - Adding type registration [B -> org.hibernate.type.BinaryType@6b217466
13:32:49.797 [Test worker] DEBUG org.hibernate.type.BasicTypeRegistry - Adding type registration wrapper-binary -> org.hibernate.type.WrapperBinaryType@4b927ddc
13:32:49.797 [Test worker] DEBUG org.hibernate.type.BasicTypeRegistry - Adding type registration Byte[] -> org.hibernate.type.WrapperBinaryType@4b927ddc
13:32:49.797 [Test worker] DEBUG org.hibernate.type.BasicTypeRegistry - Adding type registration [Ljava.lang.Byte; -> org.hibernate.type.WrapperBinaryType@4b927ddc
13:32:49.798 [Test worker] DEBUG org.hibernate.type.BasicTypeRegistry - Adding type registration row_version -> org.hibernate.type.RowVersionType@e226ba6
13:32:49.798 [Test worker] DEBUG org.hibernate.type.BasicTypeRegistry - Adding type registration image -> org.hibernate.type.ImageType@54551799
13:32:49.799 [Test worker] DEBUG org.hibernate.type.BasicTypeRegistry - Adding type registration characters -> org.hibernate.type.CharArrayType@71afc00a
13:32:49.799 [Test worker] DEBUG org.hibernate.type.BasicTypeRegistry - Adding type registration char[] -> org.hibernate.type.CharArrayType@71afc00a
13:32:49.799 [Test worker] DEBUG org.hibernate.type.BasicTypeRegistry - Adding type registration [C -> org.hibernate.type.CharArrayType@71afc00a
13:32:49.800 [Test worker] DEBUG org.hibernate.type.BasicTypeRegistry - Adding type registration wrapper-characters -> org.hibernate.type.CharacterArrayType@b0c998a
13:32:49.800 [Test worker] DEBUG org.hibernate.type.BasicTypeRegistry - Adding type registration [Ljava.lang.Character; -> org.hibernate.type.CharacterArrayType@b0c998a
13:32:49.800 [Test worker] DEBUG org.hibernate.type.BasicTypeRegistry - Adding type registration Character[] -> org.hibernate.type.CharacterArrayType@b0c998a
13:32:49.800 [Test worker] DEBUG org.hibernate.type.BasicTypeRegistry - Adding type registration text -> org.hibernate.type.TextType@4c9b9f40
13:32:49.801 [Test worker] DEBUG org.hibernate.type.BasicTypeRegistry - Adding type registration ntext -> org.hibernate.type.NTextType@3f310d16
13:32:49.803 [Test worker] DEBUG org.hibernate.type.BasicTypeRegistry - Adding type registration blob -> org.hibernate.type.BlobType@47ecfa15
13:32:49.804 [Test worker] DEBUG org.hibernate.type.BasicTypeRegistry - Adding type registration java.sql.Blob -> org.hibernate.type.BlobType@47ecfa15
13:32:49.804 [Test worker] DEBUG org.hibernate.type.BasicTypeRegistry - Adding type registration materialized_blob -> org.hibernate.type.MaterializedBlobType@3bdf7d1f
13:32:49.806 [Test worker] DEBUG org.hibernate.type.BasicTypeRegistry - Adding type registration clob -> org.hibernate.type.ClobType@79abadb1
13:32:49.806 [Test worker] DEBUG org.hibernate.type.BasicTypeRegistry - Adding type registration java.sql.Clob -> org.hibernate.type.ClobType@79abadb1
13:32:49.808 [Test worker] DEBUG org.hibernate.type.BasicTypeRegistry - Adding type registration nclob -> org.hibernate.type.NClobType@6ec7a99
13:32:49.809 [Test worker] DEBUG org.hibernate.type.BasicTypeRegistry - Adding type registration java.sql.NClob -> org.hibernate.type.NClobType@6ec7a99
13:32:49.809 [Test worker] DEBUG org.hibernate.type.BasicTypeRegistry - Adding type registration materialized_clob -> org.hibernate.type.MaterializedClobType@70944267
13:32:49.809 [Test worker] DEBUG org.hibernate.type.BasicTypeRegistry - Adding type registration materialized_nclob -> org.hibernate.type.MaterializedNClobType@1c621f9e
13:32:49.810 [Test worker] DEBUG org.hibernate.type.BasicTypeRegistry - Adding type registration serializable -> org.hibernate.type.SerializableType@56fd099c
13:32:49.813 [Test worker] DEBUG org.hibernate.type.BasicTypeRegistry - Adding type registration object -> org.hibernate.type.ObjectType@283fca5a
13:32:49.813 [Test worker] DEBUG org.hibernate.type.BasicTypeRegistry - Adding type registration java.lang.Object -> org.hibernate.type.ObjectType@283fca5a
13:32:49.813 [Test worker] DEBUG org.hibernate.type.BasicTypeRegistry - Adding type registration imm_date -> org.hibernate.type.AdaptedImmutableType@4b5947d0
13:32:49.813 [Test worker] DEBUG org.hibernate.type.BasicTypeRegistry - Adding type registration imm_time -> org.hibernate.type.AdaptedImmutableType@1d6229fb
13:32:49.813 [Test worker] DEBUG org.hibernate.type.BasicTypeRegistry - Adding type registration imm_timestamp -> org.hibernate.type.AdaptedImmutableType@5b87996c
13:32:49.813 [Test worker] DEBUG org.hibernate.type.BasicTypeRegistry - Adding type registration imm_dbtimestamp -> org.hibernate.type.AdaptedImmutableType@2ea38925
13:32:49.814 [Test worker] DEBUG org.hibernate.type.BasicTypeRegistry - Adding type registration imm_calendar -> org.hibernate.type.AdaptedImmutableType@2fc52ce6
13:32:49.814 [Test worker] DEBUG org.hibernate.type.BasicTypeRegistry - Adding type registration imm_calendar_date -> org.hibernate.type.AdaptedImmutableType@2364f514
13:32:49.814 [Test worker] DEBUG org.hibernate.type.BasicTypeRegistry - Adding type registration imm_binary -> org.hibernate.type.AdaptedImmutableType@444f54ed
13:32:49.814 [Test worker] DEBUG org.hibernate.type.BasicTypeRegistry - Adding type registration imm_serializable -> org.hibernate.type.AdaptedImmutableType@769707e0
13:32:49.820 [Test worker] DEBUG org.hibernate.engine.jdbc.env.internal.JdbcEnvironmentInitiator - Database ->
       name : H2
    version : 1.4.197 (2018-03-18)
      major : 1
      minor : 4
13:32:49.820 [Test worker] DEBUG org.hibernate.engine.jdbc.env.internal.JdbcEnvironmentInitiator - Driver ->
       name : H2 JDBC Driver
    version : 1.4.197 (2018-03-18)
      major : 1
      minor : 4
13:32:49.821 [Test worker] DEBUG org.hibernate.engine.jdbc.env.internal.JdbcEnvironmentInitiator - JDBC version : 4.0
13:32:49.830 [Test worker] INFO org.hibernate.dialect.Dialect - HHH000400: Using dialect: org.hibernate.dialect.H2Dialect
13:32:49.896 [Test worker] DEBUG org.hibernate.id.factory.internal.DefaultIdentifierGeneratorFactory - Registering IdentifierGenerator strategy [uuid2] -> [org.hibernate.id.UUIDGenerator]
13:32:49.897 [Test worker] DEBUG org.hibernate.id.factory.internal.DefaultIdentifierGeneratorFactory - Registering IdentifierGenerator strategy [guid] -> [org.hibernate.id.GUIDGenerator]
13:32:49.897 [Test worker] DEBUG org.hibernate.id.factory.internal.DefaultIdentifierGeneratorFactory - Registering IdentifierGenerator strategy [uuid] -> [org.hibernate.id.UUIDHexGenerator]
13:32:49.897 [Test worker] DEBUG org.hibernate.id.factory.internal.DefaultIdentifierGeneratorFactory - Registering IdentifierGenerator strategy [uuid.hex] -> [org.hibernate.id.UUIDHexGenerator]
13:32:49.897 [Test worker] DEBUG org.hibernate.id.factory.internal.DefaultIdentifierGeneratorFactory - Registering IdentifierGenerator strategy [assigned] -> [org.hibernate.id.Assigned]
13:32:49.898 [Test worker] DEBUG org.hibernate.id.factory.internal.DefaultIdentifierGeneratorFactory - Registering IdentifierGenerator strategy [identity] -> [org.hibernate.id.IdentityGenerator]
13:32:49.898 [Test worker] DEBUG org.hibernate.id.factory.internal.DefaultIdentifierGeneratorFactory - Registering IdentifierGenerator strategy [select] -> [org.hibernate.id.SelectGenerator]
13:32:49.899 [Test worker] DEBUG org.hibernate.id.factory.internal.DefaultIdentifierGeneratorFactory - Registering IdentifierGenerator strategy [sequence] -> [org.hibernate.id.enhanced.SequenceStyleGenerator]
13:32:49.899 [Test worker] DEBUG org.hibernate.id.factory.internal.DefaultIdentifierGeneratorFactory - Registering IdentifierGenerator strategy [seqhilo] -> [org.hibernate.id.SequenceHiLoGenerator]
13:32:49.900 [Test worker] DEBUG org.hibernate.id.factory.internal.DefaultIdentifierGeneratorFactory - Registering IdentifierGenerator strategy [increment] -> [org.hibernate.id.IncrementGenerator]
13:32:49.900 [Test worker] DEBUG org.hibernate.id.factory.internal.DefaultIdentifierGeneratorFactory - Registering IdentifierGenerator strategy [foreign] -> [org.hibernate.id.ForeignGenerator]
13:32:49.900 [Test worker] DEBUG org.hibernate.id.factory.internal.DefaultIdentifierGeneratorFactory - Registering IdentifierGenerator strategy [sequence-identity] -> [org.hibernate.id.SequenceIdentityGenerator]
13:32:49.901 [Test worker] DEBUG org.hibernate.id.factory.internal.DefaultIdentifierGeneratorFactory - Registering IdentifierGenerator strategy [enhanced-sequence] -> [org.hibernate.id.enhanced.SequenceStyleGenerator]
13:32:49.901 [Test worker] DEBUG org.hibernate.id.factory.internal.DefaultIdentifierGeneratorFactory - Registering IdentifierGenerator strategy [enhanced-table] -> [org.hibernate.id.enhanced.TableGenerator]
13:32:49.922 [Test worker] DEBUG org.hibernate.boot.model.relational.Namespace - Created database namespace [logicalName=Name{catalog=null, schema=null}, physicalName=Name{catalog=null, schema=null}]
13:32:49.936 [Test worker] DEBUG org.hibernate.cfg.AnnotationBinder - Binding entity from annotated class: loc.balsen.kontospring.data.Beleg
13:32:49.948 [Test worker] DEBUG org.hibernate.cfg.Ejb3Column - Binding column: Ejb3DiscriminatorColumn{logicalColumnName'DTYPE', discriminatorTypeName='string'}
13:32:49.951 [Test worker] DEBUG org.hibernate.cfg.annotations.EntityBinder - Import with entity name Beleg
13:32:49.952 [Test worker] DEBUG org.hibernate.cfg.annotations.EntityBinder - Bind entity loc.balsen.kontospring.data.Beleg on table buchungsbeleg
13:32:49.965 [Test worker] DEBUG org.hibernate.cfg.Ejb3Column - Binding column: Ejb3Column{table=org.hibernate.mapping.Table(buchungsbeleg), mappingColumn=id, insertable=true, updatable=true, unique=false}
13:32:49.967 [Test worker] DEBUG org.hibernate.cfg.annotations.PropertyBinder - MetadataSourceProcessor property id with lazy=false
13:32:49.968 [Test worker] DEBUG org.hibernate.cfg.AbstractPropertyHolder - Attempting to locate auto-apply AttributeConverter for property [loc.balsen.kontospring.data.Beleg:id]
13:32:49.968 [Test worker] DEBUG org.hibernate.cfg.annotations.SimpleValueBinder - building SimpleValue for id
13:32:49.970 [Test worker] DEBUG org.hibernate.cfg.annotations.PropertyBinder - Building property id
13:32:49.972 [Test worker] DEBUG org.hibernate.cfg.Ejb3Column - Binding column: Ejb3Column{table=org.hibernate.mapping.Table(buchungsbeleg), mappingColumn=referenz, insertable=true, updatable=true, unique=false}
13:32:49.972 [Test worker] DEBUG org.hibernate.cfg.annotations.PropertyBinder - MetadataSourceProcessor property Referenz with lazy=false
13:32:49.972 [Test worker] DEBUG org.hibernate.cfg.AbstractPropertyHolder - Attempting to locate auto-apply AttributeConverter for property [loc.balsen.kontospring.data.Beleg:Referenz]
13:32:49.972 [Test worker] DEBUG org.hibernate.cfg.annotations.SimpleValueBinder - building SimpleValue for Referenz
13:32:49.972 [Test worker] DEBUG org.hibernate.cfg.annotations.PropertyBinder - Building property Referenz
13:32:49.972 [Test worker] DEBUG org.hibernate.cfg.Ejb3Column - Binding column: Ejb3Column{table=org.hibernate.mapping.Table(buchungsbeleg), mappingColumn=absender, insertable=true, updatable=true, unique=false}
13:32:49.973 [Test worker] DEBUG org.hibernate.cfg.annotations.PropertyBinder - MetadataSourceProcessor property absender with lazy=false
13:32:49.973 [Test worker] DEBUG org.hibernate.cfg.AbstractPropertyHolder - Attempting to locate auto-apply AttributeConverter for property [loc.balsen.kontospring.data.Beleg:absender]
13:32:49.973 [Test worker] DEBUG org.hibernate.cfg.annotations.SimpleValueBinder - building SimpleValue for absender
13:32:49.973 [Test worker] DEBUG org.hibernate.cfg.annotations.PropertyBinder - Building property absender
13:32:49.973 [Test worker] DEBUG org.hibernate.cfg.Ejb3Column - Binding column: Ejb3Column{table=org.hibernate.mapping.Table(buchungsbeleg), mappingColumn=art, insertable=true, updatable=true, unique=false}
13:32:49.973 [Test worker] DEBUG org.hibernate.cfg.annotations.PropertyBinder - MetadataSourceProcessor property art with lazy=false
13:32:49.973 [Test worker] DEBUG org.hibernate.cfg.AbstractPropertyHolder - Attempting to locate auto-apply AttributeConverter for property [loc.balsen.kontospring.data.Beleg:art]
13:32:49.974 [Test worker] DEBUG org.hibernate.cfg.annotations.SimpleValueBinder - building SimpleValue for art
13:32:49.974 [Test worker] DEBUG org.hibernate.cfg.annotations.PropertyBinder - Building property art
13:32:49.974 [Test worker] DEBUG org.hibernate.cfg.Ejb3Column - Binding column: Ejb3Column{table=org.hibernate.mapping.Table(buchungsbeleg), mappingColumn=beleg, insertable=true, updatable=true, unique=false}
13:32:49.974 [Test worker] DEBUG org.hibernate.cfg.annotations.PropertyBinder - MetadataSourceProcessor property beleg with lazy=false
13:32:49.974 [Test worker] DEBUG org.hibernate.cfg.AbstractPropertyHolder - Attempting to locate auto-apply AttributeConverter for property [loc.balsen.kontospring.data.Beleg:beleg]
13:32:49.974 [Test worker] DEBUG org.hibernate.cfg.annotations.SimpleValueBinder - building SimpleValue for beleg
13:32:49.974 [Test worker] DEBUG org.hibernate.cfg.annotations.PropertyBinder - Building property beleg
13:32:49.974 [Test worker] DEBUG org.hibernate.cfg.Ejb3Column - Binding column: Ejb3Column{table=org.hibernate.mapping.Table(buchungsbeleg), mappingColumn=details, insertable=true, updatable=true, unique=false}
13:32:49.974 [Test worker] DEBUG org.hibernate.cfg.annotations.PropertyBinder - MetadataSourceProcessor property details with lazy=false
13:32:49.974 [Test worker] DEBUG org.hibernate.cfg.AbstractPropertyHolder - Attempting to locate auto-apply AttributeConverter for property [loc.balsen.kontospring.data.Beleg:details]
13:32:49.975 [Test worker] DEBUG org.hibernate.cfg.annotations.SimpleValueBinder - building SimpleValue for details
13:32:49.975 [Test worker] DEBUG org.hibernate.cfg.annotations.PropertyBinder - Building property details
13:32:49.975 [Test worker] DEBUG org.hibernate.cfg.Ejb3Column - Binding column: Ejb3Column{table=org.hibernate.mapping.Table(buchungsbeleg), mappingColumn=eingang, insertable=true, updatable=true, unique=false}
13:32:49.975 [Test worker] DEBUG org.hibernate.cfg.annotations.PropertyBinder - MetadataSourceProcessor property eingang with lazy=false
13:32:49.975 [Test worker] DEBUG org.hibernate.cfg.AbstractPropertyHolder - Attempting to locate auto-apply AttributeConverter for property [loc.balsen.kontospring.data.Beleg:eingang]
13:32:49.975 [Test worker] DEBUG org.hibernate.cfg.annotations.SimpleValueBinder - building SimpleValue for eingang
13:32:49.975 [Test worker] DEBUG org.hibernate.cfg.annotations.PropertyBinder - Building property eingang
13:32:49.975 [Test worker] DEBUG org.hibernate.cfg.Ejb3Column - Binding column: Ejb3Column{table=org.hibernate.mapping.Table(buchungsbeleg), mappingColumn=einreicherid, insertable=true, updatable=true, unique=false}
13:32:49.975 [Test worker] DEBUG org.hibernate.cfg.annotations.PropertyBinder - MetadataSourceProcessor property einreicherID with lazy=false
13:32:49.975 [Test worker] DEBUG org.hibernate.cfg.AbstractPropertyHolder - Attempting to locate auto-apply AttributeConverter for property [loc.balsen.kontospring.data.Beleg:einreicherID]
13:32:49.975 [Test worker] DEBUG org.hibernate.cfg.annotations.SimpleValueBinder - building SimpleValue for einreicherID
13:32:49.975 [Test worker] DEBUG org.hibernate.cfg.annotations.PropertyBinder - Building property einreicherID
13:32:49.975 [Test worker] DEBUG org.hibernate.cfg.Ejb3Column - Binding column: Ejb3Column{table=org.hibernate.mapping.Table(buchungsbeleg), mappingColumn=empfaenger, insertable=true, updatable=true, unique=false}
13:32:49.975 [Test worker] DEBUG org.hibernate.cfg.annotations.PropertyBinder - MetadataSourceProcessor property empfaenger with lazy=false
13:32:49.976 [Test worker] DEBUG org.hibernate.cfg.AbstractPropertyHolder - Attempting to locate auto-apply AttributeConverter for property [loc.balsen.kontospring.data.Beleg:empfaenger]
13:32:49.976 [Test worker] DEBUG org.hibernate.cfg.annotations.SimpleValueBinder - building SimpleValue for empfaenger
13:32:49.976 [Test worker] DEBUG org.hibernate.cfg.annotations.PropertyBinder - Building property empfaenger
13:32:49.976 [Test worker] DEBUG org.hibernate.cfg.Ejb3Column - Binding column: Ejb3Column{table=org.hibernate.mapping.Table(buchungsbeleg), mappingColumn=mandat, insertable=true, updatable=true, unique=false}
13:32:49.976 [Test worker] DEBUG org.hibernate.cfg.annotations.PropertyBinder - MetadataSourceProcessor property mandat with lazy=false
13:32:49.976 [Test worker] DEBUG org.hibernate.cfg.AbstractPropertyHolder - Attempting to locate auto-apply AttributeConverter for property [loc.balsen.kontospring.data.Beleg:mandat]
13:32:49.976 [Test worker] DEBUG org.hibernate.cfg.annotations.SimpleValueBinder - building SimpleValue for mandat
13:32:49.976 [Test worker] DEBUG org.hibernate.cfg.annotations.PropertyBinder - Building property mandat
13:32:49.976 [Test worker] DEBUG org.hibernate.cfg.Ejb3Column - Binding column: Ejb3Column{table=org.hibernate.mapping.Table(buchungsbeleg), mappingColumn=wert, insertable=true, updatable=true, unique=false}
13:32:49.976 [Test worker] DEBUG org.hibernate.cfg.annotations.PropertyBinder - MetadataSourceProcessor property wert with lazy=false
13:32:49.976 [Test worker] DEBUG org.hibernate.cfg.AbstractPropertyHolder - Attempting to locate auto-apply AttributeConverter for property [loc.balsen.kontospring.data.Beleg:wert]
13:32:49.976 [Test worker] DEBUG org.hibernate.cfg.annotations.SimpleValueBinder - building SimpleValue for wert
13:32:49.976 [Test worker] DEBUG org.hibernate.cfg.annotations.PropertyBinder - Building property wert
13:32:49.976 [Test worker] DEBUG org.hibernate.cfg.Ejb3Column - Binding column: Ejb3Column{table=org.hibernate.mapping.Table(buchungsbeleg), mappingColumn=wertstellung, insertable=true, updatable=true, unique=false}
13:32:49.977 [Test worker] DEBUG org.hibernate.cfg.annotations.PropertyBinder - MetadataSourceProcessor property wertstellung with lazy=false
13:32:49.977 [Test worker] DEBUG org.hibernate.cfg.AbstractPropertyHolder - Attempting to locate auto-apply AttributeConverter for property [loc.balsen.kontospring.data.Beleg:wertstellung]
13:32:49.977 [Test worker] DEBUG org.hibernate.cfg.annotations.SimpleValueBinder - building SimpleValue for wertstellung
13:32:49.977 [Test worker] DEBUG org.hibernate.cfg.annotations.PropertyBinder - Building property wertstellung
13:32:49.977 [Test worker] DEBUG org.hibernate.cfg.AnnotationBinder - Binding entity from annotated class: loc.balsen.kontospring.data.Konto
13:32:49.977 [Test worker] DEBUG org.hibernate.cfg.Ejb3Column - Binding column: Ejb3DiscriminatorColumn{logicalColumnName'DTYPE', discriminatorTypeName='string'}
13:32:49.977 [Test worker] DEBUG org.hibernate.cfg.annotations.EntityBinder - Import with entity name Konto
13:32:49.978 [Test worker] DEBUG org.hibernate.cfg.annotations.EntityBinder - Bind entity loc.balsen.kontospring.data.Konto on table konto
13:32:49.981 [Test worker] DEBUG org.hibernate.cfg.Ejb3Column - Binding column: Ejb3Column{table=org.hibernate.mapping.Table(konto), mappingColumn=id, insertable=true, updatable=true, unique=false}
13:32:49.981 [Test worker] DEBUG org.hibernate.cfg.annotations.PropertyBinder - MetadataSourceProcessor property id with lazy=false
13:32:49.981 [Test worker] DEBUG org.hibernate.cfg.AbstractPropertyHolder - Attempting to locate auto-apply AttributeConverter for property [loc.balsen.kontospring.data.Konto:id]
13:32:49.981 [Test worker] DEBUG org.hibernate.cfg.annotations.SimpleValueBinder - building SimpleValue for id
13:32:49.981 [Test worker] DEBUG org.hibernate.cfg.annotations.PropertyBinder - Building property id
13:32:49.981 [Test worker] DEBUG org.hibernate.cfg.Ejb3Column - Binding column: Ejb3Column{table=org.hibernate.mapping.Table(konto), mappingColumn=art, insertable=true, updatable=true, unique=false}
13:32:49.981 [Test worker] DEBUG org.hibernate.cfg.annotations.PropertyBinder - MetadataSourceProcessor property art with lazy=false
13:32:49.981 [Test worker] DEBUG org.hibernate.cfg.AbstractPropertyHolder - Attempting to locate auto-apply AttributeConverter for property [loc.balsen.kontospring.data.Konto:art]
13:32:49.981 [Test worker] DEBUG org.hibernate.cfg.annotations.SimpleValueBinder - building SimpleValue for art
13:32:49.982 [Test worker] DEBUG org.hibernate.cfg.annotations.PropertyBinder - Building property art
13:32:49.982 [Test worker] DEBUG org.hibernate.cfg.Ejb3Column - Binding column: Ejb3Column{table=org.hibernate.mapping.Table(konto), mappingColumn=description, insertable=true, updatable=true, unique=false}
13:32:49.982 [Test worker] DEBUG org.hibernate.cfg.annotations.PropertyBinder - MetadataSourceProcessor property description with lazy=false
13:32:49.982 [Test worker] DEBUG org.hibernate.cfg.AbstractPropertyHolder - Attempting to locate auto-apply AttributeConverter for property [loc.balsen.kontospring.data.Konto:description]
13:32:49.982 [Test worker] DEBUG org.hibernate.cfg.annotations.SimpleValueBinder - building SimpleValue for description
13:32:49.982 [Test worker] DEBUG org.hibernate.cfg.annotations.PropertyBinder - Building property description
13:32:49.983 [Test worker] DEBUG org.hibernate.cfg.Ejb3Column - Binding column: Ejb3JoinColumn{logicalColumnName='id_gruppe', referencedColumn='', mappedBy=''}
13:32:49.983 [Test worker] DEBUG org.hibernate.cfg.Ejb3Column - Binding column: Ejb3Column{table=org.hibernate.mapping.Table(konto), mappingColumn=konto_gruppe, insertable=true, updatable=true, unique=false}
13:32:49.985 [Test worker] DEBUG org.hibernate.cfg.annotations.PropertyBinder - Building property kontoGruppe
13:32:49.985 [Test worker] DEBUG org.hibernate.cfg.Ejb3Column - Binding column: Ejb3Column{table=org.hibernate.mapping.Table(konto), mappingColumn=shortdescription, insertable=true, updatable=true, unique=false}
13:32:49.985 [Test worker] DEBUG org.hibernate.cfg.annotations.PropertyBinder - MetadataSourceProcessor property shortdescription with lazy=false
13:32:49.985 [Test worker] DEBUG org.hibernate.cfg.AbstractPropertyHolder - Attempting to locate auto-apply AttributeConverter for property [loc.balsen.kontospring.data.Konto:shortdescription]
13:32:49.985 [Test worker] DEBUG org.hibernate.cfg.annotations.SimpleValueBinder - building SimpleValue for shortdescription
13:32:49.985 [Test worker] DEBUG org.hibernate.cfg.annotations.PropertyBinder - Building property shortdescription
13:32:49.986 [Test worker] DEBUG org.hibernate.cfg.AnnotationBinder - Binding entity from annotated class: loc.balsen.kontospring.data.KontoGruppe
13:32:49.986 [Test worker] DEBUG org.hibernate.cfg.Ejb3Column - Binding column: Ejb3DiscriminatorColumn{logicalColumnName'DTYPE', discriminatorTypeName='string'}
13:32:49.986 [Test worker] DEBUG org.hibernate.cfg.annotations.EntityBinder - Import with entity name KontoGruppe
13:32:49.986 [Test worker] DEBUG org.hibernate.cfg.annotations.EntityBinder - Bind entity loc.balsen.kontospring.data.KontoGruppe on table konto_gruppe
13:32:49.986 [Test worker] DEBUG org.hibernate.cfg.Ejb3Column - Binding column: Ejb3Column{table=org.hibernate.mapping.Table(konto_gruppe), mappingColumn=id, insertable=true, updatable=true, unique=false}
13:32:49.986 [Test worker] DEBUG org.hibernate.cfg.annotations.PropertyBinder - MetadataSourceProcessor property id with lazy=false
13:32:49.986 [Test worker] DEBUG org.hibernate.cfg.AbstractPropertyHolder - Attempting to locate auto-apply AttributeConverter for property [loc.balsen.kontospring.data.KontoGruppe:id]
13:32:49.986 [Test worker] DEBUG org.hibernate.cfg.annotations.SimpleValueBinder - building SimpleValue for id
13:32:49.986 [Test worker] DEBUG org.hibernate.cfg.annotations.PropertyBinder - Building property id
13:32:49.987 [Test worker] DEBUG org.hibernate.cfg.Ejb3Column - Binding column: Ejb3Column{table=org.hibernate.mapping.Table(konto_gruppe), mappingColumn=description, insertable=true, updatable=true, unique=false}
13:32:49.987 [Test worker] DEBUG org.hibernate.cfg.annotations.PropertyBinder - MetadataSourceProcessor property description with lazy=false
13:32:49.987 [Test worker] DEBUG org.hibernate.cfg.AbstractPropertyHolder - Attempting to locate auto-apply AttributeConverter for property [loc.balsen.kontospring.data.KontoGruppe:description]
13:32:49.987 [Test worker] DEBUG org.hibernate.cfg.annotations.SimpleValueBinder - building SimpleValue for description
13:32:49.987 [Test worker] DEBUG org.hibernate.cfg.annotations.PropertyBinder - Building property description
13:32:49.987 [Test worker] DEBUG org.hibernate.cfg.Ejb3Column - Binding column: Ejb3Column{table=org.hibernate.mapping.Table(konto_gruppe), mappingColumn=shortdescription, insertable=true, updatable=true, unique=false}
13:32:49.987 [Test worker] DEBUG org.hibernate.cfg.annotations.PropertyBinder - MetadataSourceProcessor property shortdescription with lazy=false
13:32:49.987 [Test worker] DEBUG org.hibernate.cfg.AbstractPropertyHolder - Attempting to locate auto-apply AttributeConverter for property [loc.balsen.kontospring.data.KontoGruppe:shortdescription]
13:32:49.987 [Test worker] DEBUG org.hibernate.cfg.annotations.SimpleValueBinder - building SimpleValue for shortdescription
13:32:49.987 [Test worker] DEBUG org.hibernate.cfg.annotations.PropertyBinder - Building property shortdescription
13:32:49.987 [Test worker] DEBUG org.hibernate.cfg.AnnotationBinder - Binding entity from annotated class: loc.balsen.kontospring.data.Plan
13:32:49.987 [Test worker] DEBUG org.hibernate.cfg.Ejb3Column - Binding column: Ejb3DiscriminatorColumn{logicalColumnName'DTYPE', discriminatorTypeName='string'}
13:32:49.987 [Test worker] DEBUG org.hibernate.cfg.annotations.EntityBinder - Import with entity name Plan
13:32:49.987 [Test worker] DEBUG org.hibernate.cfg.annotations.EntityBinder - Bind entity loc.balsen.kontospring.data.Plan on table plan
13:32:49.988 [Test worker] DEBUG org.hibernate.cfg.Ejb3Column - Binding column: Ejb3Column{table=org.hibernate.mapping.Table(plan), mappingColumn=id, insertable=true, updatable=true, unique=false}
13:32:49.988 [Test worker] DEBUG org.hibernate.cfg.annotations.PropertyBinder - MetadataSourceProcessor property id with lazy=false
13:32:49.988 [Test worker] DEBUG org.hibernate.cfg.AbstractPropertyHolder - Attempting to locate auto-apply AttributeConverter for property [loc.balsen.kontospring.data.Plan:id]
13:32:49.988 [Test worker] DEBUG org.hibernate.cfg.annotations.SimpleValueBinder - building SimpleValue for id
13:32:49.989 [Test worker] DEBUG org.hibernate.cfg.annotations.PropertyBinder - Building property id
13:32:49.989 [Test worker] DEBUG org.hibernate.cfg.Ejb3Column - Binding column: Ejb3Column{table=org.hibernate.mapping.Table(plan), mappingColumn=creationdate, insertable=true, updatable=true, unique=false}
13:32:49.989 [Test worker] DEBUG org.hibernate.cfg.annotations.PropertyBinder - MetadataSourceProcessor property creationdate with lazy=false
13:32:49.989 [Test worker] DEBUG org.hibernate.cfg.AbstractPropertyHolder - Attempting to locate auto-apply AttributeConverter for property [loc.balsen.kontospring.data.Plan:creationdate]
13:32:49.989 [Test worker] DEBUG org.hibernate.cfg.annotations.SimpleValueBinder - building SimpleValue for creationdate
13:32:49.989 [Test worker] DEBUG org.hibernate.cfg.annotations.PropertyBinder - Building property creationdate
13:32:49.989 [Test worker] DEBUG org.hibernate.cfg.Ejb3Column - Binding column: Ejb3Column{table=org.hibernate.mapping.Table(plan), mappingColumn=description, insertable=true, updatable=true, unique=false}
13:32:49.989 [Test worker] DEBUG org.hibernate.cfg.annotations.PropertyBinder - MetadataSourceProcessor property description with lazy=false
13:32:49.989 [Test worker] DEBUG org.hibernate.cfg.AbstractPropertyHolder - Attempting to locate auto-apply AttributeConverter for property [loc.balsen.kontospring.data.Plan:description]
13:32:49.989 [Test worker] DEBUG org.hibernate.cfg.annotations.SimpleValueBinder - building SimpleValue for description
13:32:49.989 [Test worker] DEBUG org.hibernate.cfg.annotations.PropertyBinder - Building property description
13:32:49.989 [Test worker] DEBUG org.hibernate.cfg.Ejb3Column - Binding column: Ejb3Column{table=org.hibernate.mapping.Table(plan), mappingColumn=enddate, insertable=true, updatable=true, unique=false}
13:32:49.989 [Test worker] DEBUG org.hibernate.cfg.annotations.PropertyBinder - MetadataSourceProcessor property enddate with lazy=false
13:32:49.989 [Test worker] DEBUG org.hibernate.cfg.AbstractPropertyHolder - Attempting to locate auto-apply AttributeConverter for property [loc.balsen.kontospring.data.Plan:enddate]
13:32:49.990 [Test worker] DEBUG org.hibernate.cfg.annotations.SimpleValueBinder - building SimpleValue for enddate
13:32:49.990 [Test worker] DEBUG org.hibernate.cfg.annotations.PropertyBinder - Building property enddate
13:32:49.990 [Test worker] DEBUG org.hibernate.cfg.Ejb3Column - Binding column: Ejb3JoinColumn{logicalColumnName='konto', referencedColumn='', mappedBy=''}
13:32:49.990 [Test worker] DEBUG org.hibernate.cfg.Ejb3Column - Binding column: Ejb3Column{table=org.hibernate.mapping.Table(plan), mappingColumn=konto, insertable=true, updatable=true, unique=false}
13:32:49.990 [Test worker] DEBUG org.hibernate.cfg.annotations.PropertyBinder - Building property konto
13:32:49.990 [Test worker] DEBUG org.hibernate.cfg.Ejb3Column - Binding column: Ejb3Column{table=org.hibernate.mapping.Table(plan), mappingColumn=pattern, insertable=true, updatable=true, unique=false}
13:32:49.990 [Test worker] DEBUG org.hibernate.cfg.annotations.PropertyBinder - MetadataSourceProcessor property pattern with lazy=false
13:32:49.990 [Test worker] DEBUG org.hibernate.cfg.AbstractPropertyHolder - Attempting to locate auto-apply AttributeConverter for property [loc.balsen.kontospring.data.Plan:pattern]
13:32:49.990 [Test worker] DEBUG org.hibernate.cfg.annotations.SimpleValueBinder - building SimpleValue for pattern
13:32:49.990 [Test worker] DEBUG org.hibernate.cfg.annotations.PropertyBinder - Building property pattern
13:32:49.990 [Test worker] DEBUG org.hibernate.cfg.Ejb3Column - Binding column: Ejb3Column{table=org.hibernate.mapping.Table(plan), mappingColumn=plan_art, insertable=true, updatable=true, unique=false}
13:32:49.990 [Test worker] DEBUG org.hibernate.cfg.annotations.PropertyBinder - MetadataSourceProcessor property planArt with lazy=false
13:32:49.990 [Test worker] DEBUG org.hibernate.cfg.AbstractPropertyHolder - Attempting to locate auto-apply AttributeConverter for property [loc.balsen.kontospring.data.Plan:planArt]
13:32:49.991 [Test worker] DEBUG org.hibernate.cfg.annotations.SimpleValueBinder - building SimpleValue for planArt
13:32:49.991 [Test worker] DEBUG org.hibernate.cfg.annotations.PropertyBinder - Building property planArt
13:32:49.991 [Test worker] DEBUG org.hibernate.cfg.Ejb3Column - Binding column: Ejb3Column{table=org.hibernate.mapping.Table(plan), mappingColumn=plandate, insertable=true, updatable=true, unique=false}
13:32:49.991 [Test worker] DEBUG org.hibernate.cfg.annotations.PropertyBinder - MetadataSourceProcessor property plandate with lazy=false
13:32:49.991 [Test worker] DEBUG org.hibernate.cfg.AbstractPropertyHolder - Attempting to locate auto-apply AttributeConverter for property [loc.balsen.kontospring.data.Plan:plandate]
13:32:49.991 [Test worker] DEBUG org.hibernate.cfg.annotations.SimpleValueBinder - building SimpleValue for plandate
13:32:49.991 [Test worker] DEBUG org.hibernate.cfg.annotations.PropertyBinder - Building property plandate
13:32:49.991 [Test worker] DEBUG org.hibernate.cfg.Ejb3Column - Binding column: Ejb3Column{table=org.hibernate.mapping.Table(plan), mappingColumn=position, insertable=true, updatable=true, unique=false}
13:32:49.991 [Test worker] DEBUG org.hibernate.cfg.annotations.PropertyBinder - MetadataSourceProcessor property position with lazy=false
13:32:49.991 [Test worker] DEBUG org.hibernate.cfg.AbstractPropertyHolder - Attempting to locate auto-apply AttributeConverter for property [loc.balsen.kontospring.data.Plan:position]
13:32:49.991 [Test worker] DEBUG org.hibernate.cfg.annotations.SimpleValueBinder - building SimpleValue for position
13:32:49.991 [Test worker] DEBUG org.hibernate.cfg.annotations.PropertyBinder - Building property position
13:32:49.991 [Test worker] DEBUG org.hibernate.cfg.Ejb3Column - Binding column: Ejb3Column{table=org.hibernate.mapping.Table(plan), mappingColumn=shortdescription, insertable=true, updatable=true, unique=false}
13:32:49.992 [Test worker] DEBUG org.hibernate.cfg.annotations.PropertyBinder - MetadataSourceProcessor property shortdescription with lazy=false
13:32:49.992 [Test worker] DEBUG org.hibernate.cfg.AbstractPropertyHolder - Attempting to locate auto-apply AttributeConverter for property [loc.balsen.kontospring.data.Plan:shortdescription]
13:32:49.992 [Test worker] DEBUG org.hibernate.cfg.annotations.SimpleValueBinder - building SimpleValue for shortdescription
13:32:49.992 [Test worker] DEBUG org.hibernate.cfg.annotations.PropertyBinder - Building property shortdescription
13:32:49.992 [Test worker] DEBUG org.hibernate.cfg.Ejb3Column - Binding column: Ejb3Column{table=org.hibernate.mapping.Table(plan), mappingColumn=startdate, insertable=true, updatable=true, unique=false}
13:32:49.992 [Test worker] DEBUG org.hibernate.cfg.annotations.PropertyBinder - MetadataSourceProcessor property startdate with lazy=false
13:32:49.992 [Test worker] DEBUG org.hibernate.cfg.AbstractPropertyHolder - Attempting to locate auto-apply AttributeConverter for property [loc.balsen.kontospring.data.Plan:startdate]
13:32:49.992 [Test worker] DEBUG org.hibernate.cfg.annotations.SimpleValueBinder - building SimpleValue for startdate
13:32:49.992 [Test worker] DEBUG org.hibernate.cfg.annotations.PropertyBinder - Building property startdate
13:32:49.992 [Test worker] DEBUG org.hibernate.cfg.Ejb3Column - Binding column: Ejb3JoinColumn{logicalColumnName='template', referencedColumn='', mappedBy=''}
13:32:49.992 [Test worker] DEBUG org.hibernate.cfg.Ejb3Column - Binding column: Ejb3Column{table=org.hibernate.mapping.Table(plan), mappingColumn=template, insertable=true, updatable=true, unique=false}
13:32:49.992 [Test worker] DEBUG org.hibernate.cfg.annotations.PropertyBinder - Building property template
13:32:49.992 [Test worker] DEBUG org.hibernate.cfg.Ejb3Column - Binding column: Ejb3Column{table=org.hibernate.mapping.Table(plan), mappingColumn=wert, insertable=true, updatable=true, unique=false}
13:32:49.993 [Test worker] DEBUG org.hibernate.cfg.annotations.PropertyBinder - MetadataSourceProcessor property wert with lazy=false
13:32:49.993 [Test worker] DEBUG org.hibernate.cfg.AbstractPropertyHolder - Attempting to locate auto-apply AttributeConverter for property [loc.balsen.kontospring.data.Plan:wert]
13:32:49.993 [Test worker] DEBUG org.hibernate.cfg.annotations.SimpleValueBinder - building SimpleValue for wert
13:32:49.993 [Test worker] DEBUG org.hibernate.cfg.annotations.PropertyBinder - Building property wert
13:32:49.993 [Test worker] DEBUG org.hibernate.cfg.AnnotationBinder - Binding entity from annotated class: loc.balsen.kontospring.data.PlanHistory
13:32:49.993 [Test worker] DEBUG org.hibernate.cfg.Ejb3Column - Binding column: Ejb3DiscriminatorColumn{logicalColumnName'DTYPE', discriminatorTypeName='string'}
13:32:49.993 [Test worker] DEBUG org.hibernate.cfg.annotations.EntityBinder - Import with entity name PlanHistory
13:32:49.993 [Test worker] DEBUG org.hibernate.cfg.annotations.EntityBinder - Bind entity loc.balsen.kontospring.data.PlanHistory on table plan_history
13:32:49.994 [Test worker] DEBUG org.hibernate.cfg.Ejb3Column - Binding column: Ejb3Column{table=org.hibernate.mapping.Table(plan_history), mappingColumn=id, insertable=true, updatable=true, unique=false}
13:32:49.994 [Test worker] DEBUG org.hibernate.cfg.annotations.PropertyBinder - MetadataSourceProcessor property id with lazy=false
13:32:49.994 [Test worker] DEBUG org.hibernate.cfg.AbstractPropertyHolder - Attempting to locate auto-apply AttributeConverter for property [loc.balsen.kontospring.data.PlanHistory:id]
13:32:49.994 [Test worker] DEBUG org.hibernate.cfg.annotations.SimpleValueBinder - building SimpleValue for id
13:32:49.995 [Test worker] DEBUG org.hibernate.cfg.annotations.PropertyBinder - Building property id
13:32:49.995 [Test worker] DEBUG org.hibernate.cfg.Ejb3Column - Binding column: Ejb3Column{table=org.hibernate.mapping.Table(plan_history), mappingColumn=creationdate, insertable=true, updatable=true, unique=false}
13:32:49.995 [Test worker] DEBUG org.hibernate.cfg.annotations.PropertyBinder - MetadataSourceProcessor property creationdate with lazy=false
13:32:49.995 [Test worker] DEBUG org.hibernate.cfg.AbstractPropertyHolder - Attempting to locate auto-apply AttributeConverter for property [loc.balsen.kontospring.data.PlanHistory:creationdate]
13:32:49.995 [Test worker] DEBUG org.hibernate.cfg.annotations.SimpleValueBinder - building SimpleValue for creationdate
13:32:49.995 [Test worker] DEBUG org.hibernate.cfg.annotations.PropertyBinder - Building property creationdate
13:32:49.995 [Test worker] DEBUG org.hibernate.cfg.Ejb3Column - Binding column: Ejb3Column{table=org.hibernate.mapping.Table(plan_history), mappingColumn=deactivatedate, insertable=true, updatable=true, unique=false}
13:32:49.995 [Test worker] DEBUG org.hibernate.cfg.annotations.PropertyBinder - MetadataSourceProcessor property deactivatedate with lazy=false
13:32:49.995 [Test worker] DEBUG org.hibernate.cfg.AbstractPropertyHolder - Attempting to locate auto-apply AttributeConverter for property [loc.balsen.kontospring.data.PlanHistory:deactivatedate]
13:32:49.995 [Test worker] DEBUG org.hibernate.cfg.annotations.SimpleValueBinder - building SimpleValue for deactivatedate
13:32:49.995 [Test worker] DEBUG org.hibernate.cfg.annotations.PropertyBinder - Building property deactivatedate
13:32:49.995 [Test worker] DEBUG org.hibernate.cfg.Ejb3Column - Binding column: Ejb3Column{table=org.hibernate.mapping.Table(plan_history), mappingColumn=description, insertable=true, updatable=true, unique=false}
13:32:49.995 [Test worker] DEBUG org.hibernate.cfg.annotations.PropertyBinder - MetadataSourceProcessor property description with lazy=false
13:32:49.995 [Test worker] DEBUG org.hibernate.cfg.AbstractPropertyHolder - Attempting to locate auto-apply AttributeConverter for property [loc.balsen.kontospring.data.PlanHistory:description]
13:32:49.995 [Test worker] DEBUG org.hibernate.cfg.annotations.SimpleValueBinder - building SimpleValue for description
13:32:49.996 [Test worker] DEBUG org.hibernate.cfg.annotations.PropertyBinder - Building property description
13:32:49.996 [Test worker] DEBUG org.hibernate.cfg.Ejb3Column - Binding column: Ejb3Column{table=org.hibernate.mapping.Table(plan_history), mappingColumn=enddate, insertable=true, updatable=true, unique=false}
13:32:49.996 [Test worker] DEBUG org.hibernate.cfg.annotations.PropertyBinder - MetadataSourceProcessor property enddate with lazy=false
13:32:49.996 [Test worker] DEBUG org.hibernate.cfg.AbstractPropertyHolder - Attempting to locate auto-apply AttributeConverter for property [loc.balsen.kontospring.data.PlanHistory:enddate]
13:32:49.996 [Test worker] DEBUG org.hibernate.cfg.annotations.SimpleValueBinder - building SimpleValue for enddate
13:32:49.996 [Test worker] DEBUG org.hibernate.cfg.annotations.PropertyBinder - Building property enddate
13:32:49.996 [Test worker] DEBUG org.hibernate.cfg.Ejb3Column - Binding column: Ejb3JoinColumn{logicalColumnName='konto', referencedColumn='', mappedBy=''}
13:32:49.996 [Test worker] DEBUG org.hibernate.cfg.Ejb3Column - Binding column: Ejb3Column{table=org.hibernate.mapping.Table(plan_history), mappingColumn=konto, insertable=true, updatable=true, unique=false}
13:32:49.996 [Test worker] DEBUG org.hibernate.cfg.annotations.PropertyBinder - Building property konto
13:32:49.996 [Test worker] DEBUG org.hibernate.cfg.Ejb3Column - Binding column: Ejb3Column{table=org.hibernate.mapping.Table(plan_history), mappingColumn=pattern, insertable=true, updatable=true, unique=false}
13:32:49.996 [Test worker] DEBUG org.hibernate.cfg.annotations.PropertyBinder - MetadataSourceProcessor property pattern with lazy=false
13:32:49.996 [Test worker] DEBUG org.hibernate.cfg.AbstractPropertyHolder - Attempting to locate auto-apply AttributeConverter for property [loc.balsen.kontospring.data.PlanHistory:pattern]
13:32:49.996 [Test worker] DEBUG org.hibernate.cfg.annotations.SimpleValueBinder - building SimpleValue for pattern
13:32:49.996 [Test worker] DEBUG org.hibernate.cfg.annotations.PropertyBinder - Building property pattern
13:32:49.997 [Test worker] DEBUG org.hibernate.cfg.Ejb3Column - Binding column: Ejb3Column{table=org.hibernate.mapping.Table(plan_history), mappingColumn=plan_art, insertable=true, updatable=true, unique=false}
13:32:49.997 [Test worker] DEBUG org.hibernate.cfg.annotations.PropertyBinder - MetadataSourceProcessor property planArt with lazy=false
13:32:49.997 [Test worker] DEBUG org.hibernate.cfg.AbstractPropertyHolder - Attempting to locate auto-apply AttributeConverter for property [loc.balsen.kontospring.data.PlanHistory:planArt]
13:32:49.997 [Test worker] DEBUG org.hibernate.cfg.annotations.SimpleValueBinder - building SimpleValue for planArt
13:32:49.997 [Test worker] DEBUG org.hibernate.cfg.annotations.PropertyBinder - Building property planArt
13:32:49.997 [Test worker] DEBUG org.hibernate.cfg.Ejb3Column - Binding column: Ejb3Column{table=org.hibernate.mapping.Table(plan_history), mappingColumn=plandate, insertable=true, updatable=true, unique=false}
13:32:49.997 [Test worker] DEBUG org.hibernate.cfg.annotations.PropertyBinder - MetadataSourceProcessor property plandate with lazy=false
13:32:49.997 [Test worker] DEBUG org.hibernate.cfg.AbstractPropertyHolder - Attempting to locate auto-apply AttributeConverter for property [loc.balsen.kontospring.data.PlanHistory:plandate]
13:32:49.997 [Test worker] DEBUG org.hibernate.cfg.annotations.SimpleValueBinder - building SimpleValue for plandate
13:32:49.997 [Test worker] DEBUG org.hibernate.cfg.annotations.PropertyBinder - Building property plandate
13:32:49.997 [Test worker] DEBUG org.hibernate.cfg.Ejb3Column - Binding column: Ejb3Column{table=org.hibernate.mapping.Table(plan_history), mappingColumn=position, insertable=true, updatable=true, unique=false}
13:32:49.997 [Test worker] DEBUG org.hibernate.cfg.annotations.PropertyBinder - MetadataSourceProcessor property position with lazy=false
13:32:49.997 [Test worker] DEBUG org.hibernate.cfg.AbstractPropertyHolder - Attempting to locate auto-apply AttributeConverter for property [loc.balsen.kontospring.data.PlanHistory:position]
13:32:49.997 [Test worker] DEBUG org.hibernate.cfg.annotations.SimpleValueBinder - building SimpleValue for position
13:32:49.997 [Test worker] DEBUG org.hibernate.cfg.annotations.PropertyBinder - Building property position
13:32:49.997 [Test worker] DEBUG org.hibernate.cfg.Ejb3Column - Binding column: Ejb3Column{table=org.hibernate.mapping.Table(plan_history), mappingColumn=shortdescription, insertable=true, updatable=true, unique=false}
13:32:49.997 [Test worker] DEBUG org.hibernate.cfg.annotations.PropertyBinder - MetadataSourceProcessor property shortdescription with lazy=false
13:32:49.998 [Test worker] DEBUG org.hibernate.cfg.AbstractPropertyHolder - Attempting to locate auto-apply AttributeConverter for property [loc.balsen.kontospring.data.PlanHistory:shortdescription]
13:32:49.998 [Test worker] DEBUG org.hibernate.cfg.annotations.SimpleValueBinder - building SimpleValue for shortdescription
13:32:49.998 [Test worker] DEBUG org.hibernate.cfg.annotations.PropertyBinder - Building property shortdescription
13:32:49.998 [Test worker] DEBUG org.hibernate.cfg.Ejb3Column - Binding column: Ejb3Column{table=org.hibernate.mapping.Table(plan_history), mappingColumn=startdate, insertable=true, updatable=true, unique=false}
13:32:49.998 [Test worker] DEBUG org.hibernate.cfg.annotations.PropertyBinder - MetadataSourceProcessor property startdate with lazy=false
13:32:49.998 [Test worker] DEBUG org.hibernate.cfg.AbstractPropertyHolder - Attempting to locate auto-apply AttributeConverter for property [loc.balsen.kontospring.data.PlanHistory:startdate]
13:32:49.998 [Test worker] DEBUG org.hibernate.cfg.annotations.SimpleValueBinder - building SimpleValue for startdate
13:32:49.998 [Test worker] DEBUG org.hibernate.cfg.annotations.PropertyBinder - Building property startdate
13:32:49.998 [Test worker] DEBUG org.hibernate.cfg.Ejb3Column - Binding column: Ejb3Column{table=org.hibernate.mapping.Table(plan_history), mappingColumn=template, insertable=true, updatable=true, unique=false}
13:32:49.998 [Test worker] DEBUG org.hibernate.cfg.annotations.PropertyBinder - MetadataSourceProcessor property template with lazy=false
13:32:49.998 [Test worker] DEBUG org.hibernate.cfg.AbstractPropertyHolder - Attempting to locate auto-apply AttributeConverter for property [loc.balsen.kontospring.data.PlanHistory:template]
13:32:49.998 [Test worker] DEBUG org.hibernate.cfg.annotations.SimpleValueBinder - building SimpleValue for template
13:32:49.998 [Test worker] DEBUG org.hibernate.cfg.annotations.PropertyBinder - Building property template
13:32:49.998 [Test worker] DEBUG org.hibernate.cfg.Ejb3Column - Binding column: Ejb3Column{table=org.hibernate.mapping.Table(plan_history), mappingColumn=wert, insertable=true, updatable=true, unique=false}
13:32:49.998 [Test worker] DEBUG org.hibernate.cfg.annotations.PropertyBinder - MetadataSourceProcessor property wert with lazy=false
13:32:49.998 [Test worker] DEBUG org.hibernate.cfg.AbstractPropertyHolder - Attempting to locate auto-apply AttributeConverter for property [loc.balsen.kontospring.data.PlanHistory:wert]
13:32:49.999 [Test worker] DEBUG org.hibernate.cfg.annotations.SimpleValueBinder - building SimpleValue for wert
13:32:49.999 [Test worker] DEBUG org.hibernate.cfg.annotations.PropertyBinder - Building property wert
13:32:49.999 [Test worker] DEBUG org.hibernate.cfg.AnnotationBinder - Binding entity from annotated class: loc.balsen.kontospring.data.Template
13:32:49.999 [Test worker] DEBUG org.hibernate.cfg.Ejb3Column - Binding column: Ejb3DiscriminatorColumn{logicalColumnName'DTYPE', discriminatorTypeName='string'}
13:32:49.999 [Test worker] DEBUG org.hibernate.cfg.annotations.EntityBinder - Import with entity name Template
13:32:49.999 [Test worker] DEBUG org.hibernate.cfg.annotations.EntityBinder - Bind entity loc.balsen.kontospring.data.Template on table template
13:32:50.000 [Test worker] DEBUG org.hibernate.cfg.Ejb3Column - Binding column: Ejb3Column{table=org.hibernate.mapping.Table(template), mappingColumn=id, insertable=true, updatable=true, unique=false}
13:32:50.000 [Test worker] DEBUG org.hibernate.cfg.annotations.PropertyBinder - MetadataSourceProcessor property id with lazy=false
13:32:50.000 [Test worker] DEBUG org.hibernate.cfg.AbstractPropertyHolder - Attempting to locate auto-apply AttributeConverter for property [loc.balsen.kontospring.data.Template:id]
13:32:50.001 [Test worker] DEBUG org.hibernate.cfg.annotations.SimpleValueBinder - building SimpleValue for id
13:32:50.001 [Test worker] DEBUG org.hibernate.cfg.annotations.PropertyBinder - Building property id
13:32:50.001 [Test worker] DEBUG org.hibernate.cfg.Ejb3Column - Binding column: Ejb3Column{table=org.hibernate.mapping.Table(template), mappingColumn=anzahl_rythmus, insertable=true, updatable=true, unique=false}
13:32:50.001 [Test worker] DEBUG org.hibernate.cfg.annotations.PropertyBinder - MetadataSourceProcessor property anzahlRythmus with lazy=false
13:32:50.001 [Test worker] DEBUG org.hibernate.cfg.AbstractPropertyHolder - Attempting to locate auto-apply AttributeConverter for property [loc.balsen.kontospring.data.Template:anzahlRythmus]
13:32:50.001 [Test worker] DEBUG org.hibernate.cfg.annotations.SimpleValueBinder - building SimpleValue for anzahlRythmus
13:32:50.001 [Test worker] DEBUG org.hibernate.cfg.annotations.PropertyBinder - Building property anzahlRythmus
13:32:50.001 [Test worker] DEBUG org.hibernate.cfg.Ejb3Column - Binding column: Ejb3Column{table=org.hibernate.mapping.Table(template), mappingColumn=description, insertable=true, updatable=true, unique=false}
13:32:50.001 [Test worker] DEBUG org.hibernate.cfg.annotations.PropertyBinder - MetadataSourceProcessor property description with lazy=false
13:32:50.001 [Test worker] DEBUG org.hibernate.cfg.AbstractPropertyHolder - Attempting to locate auto-apply AttributeConverter for property [loc.balsen.kontospring.data.Template:description]
13:32:50.001 [Test worker] DEBUG org.hibernate.cfg.annotations.SimpleValueBinder - building SimpleValue for description
13:32:50.001 [Test worker] DEBUG org.hibernate.cfg.annotations.PropertyBinder - Building property description
13:32:50.002 [Test worker] DEBUG org.hibernate.cfg.Ejb3Column - Binding column: Ejb3Column{table=org.hibernate.mapping.Table(template), mappingColumn=gueltig_bis, insertable=true, updatable=true, unique=false}
13:32:50.002 [Test worker] DEBUG org.hibernate.cfg.annotations.PropertyBinder - MetadataSourceProcessor property gueltigBis with lazy=false
13:32:50.002 [Test worker] DEBUG org.hibernate.cfg.AbstractPropertyHolder - Attempting to locate auto-apply AttributeConverter for property [loc.balsen.kontospring.data.Template:gueltigBis]
13:32:50.002 [Test worker] DEBUG org.hibernate.cfg.annotations.SimpleValueBinder - building SimpleValue for gueltigBis
13:32:50.002 [Test worker] DEBUG org.hibernate.cfg.annotations.PropertyBinder - Building property gueltigBis
13:32:50.002 [Test worker] DEBUG org.hibernate.cfg.Ejb3Column - Binding column: Ejb3Column{table=org.hibernate.mapping.Table(template), mappingColumn=gueltig_von, insertable=true, updatable=true, unique=false}
13:32:50.002 [Test worker] DEBUG org.hibernate.cfg.annotations.PropertyBinder - MetadataSourceProcessor property gueltigVon with lazy=false
13:32:50.002 [Test worker] DEBUG org.hibernate.cfg.AbstractPropertyHolder - Attempting to locate auto-apply AttributeConverter for property [loc.balsen.kontospring.data.Template:gueltigVon]
13:32:50.002 [Test worker] DEBUG org.hibernate.cfg.annotations.SimpleValueBinder - building SimpleValue for gueltigVon
13:32:50.002 [Test worker] DEBUG org.hibernate.cfg.annotations.PropertyBinder - Building property gueltigVon
13:32:50.002 [Test worker] DEBUG org.hibernate.cfg.Ejb3Column - Binding column: Ejb3JoinColumn{logicalColumnName='konto', referencedColumn='', mappedBy=''}
13:32:50.002 [Test worker] DEBUG org.hibernate.cfg.Ejb3Column - Binding column: Ejb3Column{table=org.hibernate.mapping.Table(template), mappingColumn=konto, insertable=true, updatable=true, unique=false}
13:32:50.002 [Test worker] DEBUG org.hibernate.cfg.annotations.PropertyBinder - Building property konto
13:32:50.002 [Test worker] DEBUG org.hibernate.cfg.Ejb3Column - Binding column: Ejb3Column{table=org.hibernate.mapping.Table(template), mappingColumn=next, insertable=true, updatable=true, unique=false}
13:32:50.003 [Test worker] DEBUG org.hibernate.cfg.annotations.PropertyBinder - MetadataSourceProcessor property next with lazy=false
13:32:50.003 [Test worker] DEBUG org.hibernate.cfg.AbstractPropertyHolder - Attempting to locate auto-apply AttributeConverter for property [loc.balsen.kontospring.data.Template:next]
13:32:50.003 [Test worker] DEBUG org.hibernate.cfg.annotations.SimpleValueBinder - building SimpleValue for next
13:32:50.003 [Test worker] DEBUG org.hibernate.cfg.annotations.PropertyBinder - Building property next
13:32:50.003 [Test worker] DEBUG org.hibernate.cfg.Ejb3Column - Binding column: Ejb3Column{table=org.hibernate.mapping.Table(template), mappingColumn=pattern, insertable=true, updatable=true, unique=false}
13:32:50.003 [Test worker] DEBUG org.hibernate.cfg.annotations.PropertyBinder - MetadataSourceProcessor property pattern with lazy=false
13:32:50.003 [Test worker] DEBUG org.hibernate.cfg.AbstractPropertyHolder - Attempting to locate auto-apply AttributeConverter for property [loc.balsen.kontospring.data.Template:pattern]
13:32:50.003 [Test worker] DEBUG org.hibernate.cfg.annotations.SimpleValueBinder - building SimpleValue for pattern
13:32:50.003 [Test worker] DEBUG org.hibernate.cfg.annotations.PropertyBinder - Building property pattern
13:32:50.003 [Test worker] DEBUG org.hibernate.cfg.Ejb3Column - Binding column: Ejb3Column{table=org.hibernate.mapping.Table(template), mappingColumn=plan_art, insertable=true, updatable=true, unique=false}
13:32:50.003 [Test worker] DEBUG org.hibernate.cfg.annotations.PropertyBinder - MetadataSourceProcessor property planArt with lazy=false
13:32:50.003 [Test worker] DEBUG org.hibernate.cfg.AbstractPropertyHolder - Attempting to locate auto-apply AttributeConverter for property [loc.balsen.kontospring.data.Template:planArt]
13:32:50.003 [Test worker] DEBUG org.hibernate.cfg.annotations.SimpleValueBinder - building SimpleValue for planArt
13:32:50.003 [Test worker] DEBUG org.hibernate.cfg.annotations.PropertyBinder - Building property planArt
13:32:50.003 [Test worker] DEBUG org.hibernate.cfg.Ejb3Column - Binding column: Ejb3Column{table=org.hibernate.mapping.Table(template), mappingColumn=position, insertable=true, updatable=true, unique=false}
13:32:50.003 [Test worker] DEBUG org.hibernate.cfg.annotations.PropertyBinder - MetadataSourceProcessor property position with lazy=false
13:32:50.004 [Test worker] DEBUG org.hibernate.cfg.AbstractPropertyHolder - Attempting to locate auto-apply AttributeConverter for property [loc.balsen.kontospring.data.Template:position]
13:32:50.004 [Test worker] DEBUG org.hibernate.cfg.annotations.SimpleValueBinder - building SimpleValue for position
13:32:50.004 [Test worker] DEBUG org.hibernate.cfg.annotations.PropertyBinder - Building property position
13:32:50.004 [Test worker] DEBUG org.hibernate.cfg.Ejb3Column - Binding column: Ejb3Column{table=org.hibernate.mapping.Table(template), mappingColumn=rythmus, insertable=true, updatable=true, unique=false}
13:32:50.004 [Test worker] DEBUG org.hibernate.cfg.annotations.PropertyBinder - MetadataSourceProcessor property rythmus with lazy=false
13:32:50.004 [Test worker] DEBUG org.hibernate.cfg.AbstractPropertyHolder - Attempting to locate auto-apply AttributeConverter for property [loc.balsen.kontospring.data.Template:rythmus]
13:32:50.004 [Test worker] DEBUG org.hibernate.cfg.annotations.SimpleValueBinder - building SimpleValue for rythmus
13:32:50.004 [Test worker] DEBUG org.hibernate.cfg.annotations.PropertyBinder - Building property rythmus
13:32:50.004 [Test worker] DEBUG org.hibernate.cfg.Ejb3Column - Binding column: Ejb3Column{table=org.hibernate.mapping.Table(template), mappingColumn=shortdescription, insertable=true, updatable=true, unique=false}
13:32:50.004 [Test worker] DEBUG org.hibernate.cfg.annotations.PropertyBinder - MetadataSourceProcessor property shortdescription with lazy=false
13:32:50.004 [Test worker] DEBUG org.hibernate.cfg.AbstractPropertyHolder - Attempting to locate auto-apply AttributeConverter for property [loc.balsen.kontospring.data.Template:shortdescription]
13:32:50.004 [Test worker] DEBUG org.hibernate.cfg.annotations.SimpleValueBinder - building SimpleValue for shortdescription
13:32:50.004 [Test worker] DEBUG org.hibernate.cfg.annotations.PropertyBinder - Building property shortdescription
13:32:50.004 [Test worker] DEBUG org.hibernate.cfg.Ejb3Column - Binding column: Ejb3Column{table=org.hibernate.mapping.Table(template), mappingColumn=start, insertable=true, updatable=true, unique=false}
13:32:50.004 [Test worker] DEBUG org.hibernate.cfg.annotations.PropertyBinder - MetadataSourceProcessor property start with lazy=false
13:32:50.004 [Test worker] DEBUG org.hibernate.cfg.AbstractPropertyHolder - Attempting to locate auto-apply AttributeConverter for property [loc.balsen.kontospring.data.Template:start]
13:32:50.004 [Test worker] DEBUG org.hibernate.cfg.annotations.SimpleValueBinder - building SimpleValue for start
13:32:50.004 [Test worker] DEBUG org.hibernate.cfg.annotations.PropertyBinder - Building property start
13:32:50.004 [Test worker] DEBUG org.hibernate.cfg.Ejb3Column - Binding column: Ejb3Column{table=org.hibernate.mapping.Table(template), mappingColumn=vardays, insertable=true, updatable=true, unique=false}
13:32:50.005 [Test worker] DEBUG org.hibernate.cfg.annotations.PropertyBinder - MetadataSourceProcessor property vardays with lazy=false
13:32:50.005 [Test worker] DEBUG org.hibernate.cfg.AbstractPropertyHolder - Attempting to locate auto-apply AttributeConverter for property [loc.balsen.kontospring.data.Template:vardays]
13:32:50.005 [Test worker] DEBUG org.hibernate.cfg.annotations.SimpleValueBinder - building SimpleValue for vardays
13:32:50.005 [Test worker] DEBUG org.hibernate.cfg.annotations.PropertyBinder - Building property vardays
13:32:50.005 [Test worker] DEBUG org.hibernate.cfg.Ejb3Column - Binding column: Ejb3Column{table=org.hibernate.mapping.Table(template), mappingColumn=wert, insertable=true, updatable=true, unique=false}
13:32:50.005 [Test worker] DEBUG org.hibernate.cfg.annotations.PropertyBinder - MetadataSourceProcessor property wert with lazy=false
13:32:50.005 [Test worker] DEBUG org.hibernate.cfg.AbstractPropertyHolder - Attempting to locate auto-apply AttributeConverter for property [loc.balsen.kontospring.data.Template:wert]
13:32:50.005 [Test worker] DEBUG org.hibernate.cfg.annotations.SimpleValueBinder - building SimpleValue for wert
13:32:50.005 [Test worker] DEBUG org.hibernate.cfg.annotations.PropertyBinder - Building property wert
13:32:50.005 [Test worker] DEBUG org.hibernate.cfg.AnnotationBinder - Binding entity from annotated class: loc.balsen.kontospring.data.Zuordnung
13:32:50.005 [Test worker] DEBUG org.hibernate.cfg.Ejb3Column - Binding column: Ejb3DiscriminatorColumn{logicalColumnName'DTYPE', discriminatorTypeName='string'}
13:32:50.005 [Test worker] DEBUG org.hibernate.cfg.annotations.EntityBinder - Import with entity name Zuordnung
13:32:50.005 [Test worker] DEBUG org.hibernate.cfg.annotations.EntityBinder - Bind entity loc.balsen.kontospring.data.Zuordnung on table zuordnung
13:32:50.007 [Test worker] DEBUG org.hibernate.cfg.Ejb3Column - Binding column: Ejb3Column{table=org.hibernate.mapping.Table(zuordnung), mappingColumn=id, insertable=true, updatable=true, unique=false}
[...]
13:32:51.752 [Test worker] DEBUG org.hibernate.query.criteria.internal.CriteriaQueryImpl - Rendered criteria query -> select generatedAlias0 from Beleg as generatedAlias0 where ( ( ( generatedAlias0.wert=:param0 ) and ( generatedAlias0.beleg=:param1 ) ) and ( generatedAlias0.absender=:param2 ) ) and ( generatedAlias0.empfaenger=:param3 )
13:32:51.752 [Test worker] DEBUG org.hibernate.SQL - select beleg0_.id as id1_0_, beleg0_.referenz as referenz2_0_, beleg0_.absender as absender3_0_, beleg0_.art as art4_0_, beleg0_.beleg as beleg5_0_, beleg0_.details as details6_0_, beleg0_.eingang as eingang7_0_, beleg0_.einreicherid as einreich8_0_, beleg0_.empfaenger as empfaeng9_0_, beleg0_.mandat as mandat10_0_, beleg0_.wert as wert11_0_, beleg0_.wertstellung as wertste12_0_ from buchungsbeleg beleg0_ where beleg0_.wert=? and beleg0_.beleg=? and beleg0_.absender=? and beleg0_.empfaenger=?
13:32:51.753 [Test worker] DEBUG org.hibernate.engine.transaction.internal.TransactionImpl - begin
13:32:51.753 [Test worker] DEBUG org.hibernate.SQL - call next value for seq_buchungsbeleg
13:32:51.753 [Test worker] DEBUG org.hibernate.id.enhanced.SequenceStructure - Sequence value obtained: 2
13:32:51.753 [Test worker] DEBUG org.hibernate.resource.jdbc.internal.ResourceRegistryStandardImpl - HHH000387: ResultSet's statement was not registered
13:32:51.753 [Test worker] DEBUG org.hibernate.event.internal.AbstractSaveEventListener - Generated identifier: 2, using strategy: org.hibernate.id.enhanced.SequenceStyleGenerator
13:32:51.753 [Test worker] DEBUG org.hibernate.engine.transaction.internal.TransactionImpl - committing
13:32:51.753 [Test worker] DEBUG org.hibernate.event.internal.AbstractFlushingEventListener - Processing flush-time cascades
13:32:51.753 [Test worker] DEBUG org.hibernate.event.internal.AbstractFlushingEventListener - Dirty checking collections
13:32:51.753 [Test worker] DEBUG org.hibernate.event.internal.AbstractFlushingEventListener - Flushed: 1 insertions, 0 updates, 0 deletions to 1 objects
13:32:51.753 [Test worker] DEBUG org.hibernate.event.internal.AbstractFlushingEventListener - Flushed: 0 (re)creations, 0 updates, 0 removals to 0 collections
13:32:51.753 [Test worker] DEBUG org.hibernate.internal.util.EntityPrinter - Listing entities:
13:32:51.753 [Test worker] DEBUG org.hibernate.internal.util.EntityPrinter - loc.balsen.kontospring.data.Beleg{einreicherID=null, absender=ich, art=null, mandat=null, wert=101, wertstellung=null, Referenz=null, details=null, id=2, eingang=null, empfaenger=du, beleg=Mon Oct 01 13:32:51 CEST 2018}
13:32:51.754 [Test worker] DEBUG org.hibernate.SQL - insert into buchungsbeleg (referenz, absender, art, beleg, details, eingang, einreicherid, empfaenger, mandat, wert, wertstellung, id) values (?, ?, ?, ?, ?, ?, ?, ?, ?, ?, ?, ?)
13:32:51.754 [Test worker] DEBUG org.hibernate.query.criteria.internal.CriteriaQueryImpl - Rendered criteria query -> select generatedAlias0 from Beleg as generatedAlias0 where ( ( ( generatedAlias0.wert=:param0 ) and ( generatedAlias0.beleg=:param1 ) ) and ( generatedAlias0.absender=:param2 ) ) and ( generatedAlias0.empfaenger=:param3 )
13:32:51.755 [Test worker] DEBUG org.hibernate.SQL - select beleg0_.id as id1_0_, beleg0_.referenz as referenz2_0_, beleg0_.absender as absender3_0_, beleg0_.art as art4_0_, beleg0_.beleg as beleg5_0_, beleg0_.details as details6_0_, beleg0_.eingang as eingang7_0_, beleg0_.einreicherid as einreich8_0_, beleg0_.empfaenger as empfaeng9_0_, beleg0_.mandat as mandat10_0_, beleg0_.wert as wert11_0_, beleg0_.wertstellung as wertste12_0_ from buchungsbeleg beleg0_ where beleg0_.wert=? and beleg0_.beleg=? and beleg0_.absender=? and beleg0_.empfaenger=?
13:32:51.755 [Test worker] DEBUG org.hibernate.engine.transaction.internal.TransactionImpl - begin
13:32:51.755 [Test worker] DEBUG org.hibernate.SQL - call next value for seq_buchungsbeleg
13:32:51.755 [Test worker] DEBUG org.hibernate.id.enhanced.SequenceStructure - Sequence value obtained: 3
13:32:51.755 [Test worker] DEBUG org.hibernate.resource.jdbc.internal.ResourceRegistryStandardImpl - HHH000387: ResultSet's statement was not registered
13:32:51.755 [Test worker] DEBUG org.hibernate.event.internal.AbstractSaveEventListener - Generated identifier: 3, using strategy: org.hibernate.id.enhanced.SequenceStyleGenerator
13:32:51.755 [Test worker] DEBUG org.hibernate.engine.transaction.internal.TransactionImpl - committing
13:32:51.755 [Test worker] DEBUG org.hibernate.event.internal.AbstractFlushingEventListener - Processing flush-time cascades
13:32:51.755 [Test worker] DEBUG org.hibernate.event.internal.AbstractFlushingEventListener - Dirty checking collections
13:32:51.756 [Test worker] DEBUG org.hibernate.event.internal.AbstractFlushingEventListener - Flushed: 1 insertions, 0 updates, 0 deletions to 1 objects
13:32:51.756 [Test worker] DEBUG org.hibernate.event.internal.AbstractFlushingEventListener - Flushed: 0 (re)creations, 0 updates, 0 removals to 0 collections
13:32:51.756 [Test worker] DEBUG org.hibernate.internal.util.EntityPrinter - Listing entities:
13:32:51.756 [Test worker] DEBUG org.hibernate.internal.util.EntityPrinter - loc.balsen.kontospring.data.Beleg{einreicherID=null, absender=ich, art=null, mandat=null, wert=100, wertstellung=null, Referenz=null, details=null, id=3, eingang=null, empfaenger=du, beleg=Mon Oct 01 13:32:51 CEST 2018}
13:32:51.756 [Test worker] DEBUG org.hibernate.SQL - insert into buchungsbeleg (referenz, absender, art, beleg, details, eingang, einreicherid, empfaenger, mandat, wert, wertstellung, id) values (?, ?, ?, ?, ?, ?, ?, ?, ?, ?, ?, ?)
13:32:51.756 [Test worker] DEBUG org.hibernate.query.criteria.internal.CriteriaQueryImpl - Rendered criteria query -> select generatedAlias0 from Beleg as generatedAlias0 where ( ( ( generatedAlias0.wert=:param0 ) and ( generatedAlias0.beleg=:param1 ) ) and ( generatedAlias0.absender=:param2 ) ) and ( generatedAlias0.empfaenger=:param3 )
13:32:51.757 [Test worker] DEBUG org.hibernate.SQL - select beleg0_.id as id1_0_, beleg0_.referenz as referenz2_0_, beleg0_.absender as absender3_0_, beleg0_.art as art4_0_, beleg0_.beleg as beleg5_0_, beleg0_.details as details6_0_, beleg0_.eingang as eingang7_0_, beleg0_.einreicherid as einreich8_0_, beleg0_.empfaenger as empfaeng9_0_, beleg0_.mandat as mandat10_0_, beleg0_.wert as wert11_0_, beleg0_.wertstellung as wertste12_0_ from buchungsbeleg beleg0_ where beleg0_.wert=? and beleg0_.beleg=? and beleg0_.absender=? and beleg0_.empfaenger=?
13:32:51.757 [Test worker] DEBUG org.hibernate.engine.transaction.internal.TransactionImpl - begin
13:32:51.758 [Test worker] DEBUG org.hibernate.SQL - call next value for seq_buchungsbeleg
13:32:51.758 [Test worker] DEBUG org.hibernate.id.enhanced.SequenceStructure - Sequence value obtained: 4
13:32:51.758 [Test worker] DEBUG org.hibernate.resource.jdbc.internal.ResourceRegistryStandardImpl - HHH000387: ResultSet's statement was not registered
13:32:51.758 [Test worker] DEBUG org.hibernate.event.internal.AbstractSaveEventListener - Generated identifier: 4, using strategy: org.hibernate.id.enhanced.SequenceStyleGenerator
13:32:51.758 [Test worker] DEBUG org.hibernate.engine.transaction.internal.TransactionImpl - committing
13:32:51.758 [Test worker] DEBUG org.hibernate.event.internal.AbstractFlushingEventListener - Processing flush-time cascades
13:32:51.758 [Test worker] DEBUG org.hibernate.event.internal.AbstractFlushingEventListener - Dirty checking collections
13:32:51.758 [Test worker] DEBUG org.hibernate.event.internal.AbstractFlushingEventListener - Flushed: 1 insertions, 0 updates, 0 deletions to 1 objects
13:32:51.758 [Test worker] DEBUG org.hibernate.event.internal.AbstractFlushingEventListener - Flushed: 0 (re)creations, 0 updates, 0 removals to 0 collections
13:32:51.758 [Test worker] DEBUG org.hibernate.internal.util.EntityPrinter - Listing entities:
13:32:51.758 [Test worker] DEBUG org.hibernate.internal.util.EntityPrinter - loc.balsen.kontospring.data.Beleg{einreicherID=null, absender=er, art=null, mandat=null, wert=100, wertstellung=null, Referenz=null, details=null, id=4, eingang=null, empfaenger=du, beleg=Mon Oct 01 13:32:51 CEST 2018}
13:32:51.758 [Test worker] DEBUG org.hibernate.SQL - insert into buchungsbeleg (referenz, absender, art, beleg, details, eingang, einreicherid, empfaenger, mandat, wert, wertstellung, id) values (?, ?, ?, ?, ?, ?, ?, ?, ?, ?, ?, ?)
13:32:51.759 [Test worker] DEBUG org.hibernate.query.criteria.internal.CriteriaQueryImpl - Rendered criteria query -> select generatedAlias0 from Beleg as generatedAlias0 where ( ( ( generatedAlias0.wert=:param0 ) and ( generatedAlias0.beleg=:param1 ) ) and ( generatedAlias0.absender=:param2 ) ) and ( generatedAlias0.empfaenger=:param3 )
13:32:51.759 [Test worker] DEBUG org.hibernate.SQL - select beleg0_.id as id1_0_, beleg0_.referenz as referenz2_0_, beleg0_.absender as absender3_0_, beleg0_.art as art4_0_, beleg0_.beleg as beleg5_0_, beleg0_.details as details6_0_, beleg0_.eingang as eingang7_0_, beleg0_.einreicherid as einreich8_0_, beleg0_.empfaenger as empfaeng9_0_, beleg0_.mandat as mandat10_0_, beleg0_.wert as wert11_0_, beleg0_.wertstellung as wertste12_0_ from buchungsbeleg beleg0_ where beleg0_.wert=? and beleg0_.beleg=? and beleg0_.absender=? and beleg0_.empfaenger=?
13:32:51.760 [Test worker] DEBUG org.hibernate.engine.transaction.internal.TransactionImpl - begin
13:32:51.760 [Test worker] DEBUG org.hibernate.SQL - call next value for seq_buchungsbeleg
13:32:51.760 [Test worker] DEBUG org.hibernate.id.enhanced.SequenceStructure - Sequence value obtained: 5
13:32:51.760 [Test worker] DEBUG org.hibernate.resource.jdbc.internal.ResourceRegistryStandardImpl - HHH000387: ResultSet's statement was not registered
13:32:51.760 [Test worker] DEBUG org.hibernate.event.internal.AbstractSaveEventListener - Generated identifier: 5, using strategy: org.hibernate.id.enhanced.SequenceStyleGenerator
13:32:51.760 [Test worker] DEBUG org.hibernate.engine.transaction.internal.TransactionImpl - committing
13:32:51.760 [Test worker] DEBUG org.hibernate.event.internal.AbstractFlushingEventListener - Processing flush-time cascades
13:32:51.760 [Test worker] DEBUG org.hibernate.event.internal.AbstractFlushingEventListener - Dirty checking collections
13:32:51.760 [Test worker] DEBUG org.hibernate.event.internal.AbstractFlushingEventListener - Flushed: 1 insertions, 0 updates, 0 deletions to 1 objects
13:32:51.760 [Test worker] DEBUG org.hibernate.event.internal.AbstractFlushingEventListener - Flushed: 0 (re)creations, 0 updates, 0 removals to 0 collections
13:32:51.760 [Test worker] DEBUG org.hibernate.internal.util.EntityPrinter - Listing entities:
13:32:51.760 [Test worker] DEBUG org.hibernate.internal.util.EntityPrinter - loc.balsen.kontospring.data.Beleg{einreicherID=null, absender=ich, art=null, mandat=null, wert=100, wertstellung=null, Referenz=null, details=null, id=5, eingang=null, empfaenger=er, beleg=Mon Oct 01 13:32:51 CEST 2018}
13:32:51.760 [Test worker] DEBUG org.hibernate.SQL - insert into buchungsbeleg (referenz, absender, art, beleg, details, eingang, einreicherid, empfaenger, mandat, wert, wertstellung, id) values (?, ?, ?, ?, ?, ?, ?, ?, ?, ?, ?, ?)
13:32:51.761 [Test worker] DEBUG org.hibernate.engine.transaction.internal.TransactionImpl - begin
13:32:51.761 [Test worker] DEBUG org.hibernate.query.criteria.internal.CriteriaQueryImpl - Rendered criteria query -> select generatedAlias0 from Beleg as generatedAlias0
13:32:51.761 [Test worker] DEBUG org.hibernate.SQL - select beleg0_.id as id1_0_, beleg0_.referenz as referenz2_0_, beleg0_.absender as absender3_0_, beleg0_.art as art4_0_, beleg0_.beleg as beleg5_0_, beleg0_.details as details6_0_, beleg0_.eingang as eingang7_0_, beleg0_.einreicherid as einreich8_0_, beleg0_.empfaenger as empfaeng9_0_, beleg0_.mandat as mandat10_0_, beleg0_.wert as wert11_0_, beleg0_.wertstellung as wertste12_0_ from buchungsbeleg beleg0_
13:32:51.762 [Test worker] DEBUG org.hibernate.loader.Loader - Result set row: 0
13:32:51.762 [Test worker] DEBUG org.hibernate.loader.Loader - Result row: EntityKey[loc.balsen.kontospring.data.Beleg#1]
13:32:51.762 [Test worker] DEBUG org.hibernate.loader.Loader - Result set row: 1
13:32:51.762 [Test worker] DEBUG org.hibernate.loader.Loader - Result row: EntityKey[loc.balsen.kontospring.data.Beleg#2]
13:32:51.762 [Test worker] DEBUG org.hibernate.loader.Loader - Result set row: 2
13:32:51.762 [Test worker] DEBUG org.hibernate.loader.Loader - Result row: EntityKey[loc.balsen.kontospring.data.Beleg#3]
13:32:51.762 [Test worker] DEBUG org.hibernate.loader.Loader - Result set row: 3
13:32:51.762 [Test worker] DEBUG org.hibernate.loader.Loader - Result row: EntityKey[loc.balsen.kontospring.data.Beleg#4]
13:32:51.762 [Test worker] DEBUG org.hibernate.loader.Loader - Result set row: 4
13:32:51.762 [Test worker] DEBUG org.hibernate.loader.Loader - Result row: EntityKey[loc.balsen.kontospring.data.Beleg#5]
13:32:51.762 [Test worker] DEBUG org.hibernate.engine.internal.TwoPhaseLoad - Resolving associations for [loc.balsen.kontospring.data.Beleg#1]
13:32:51.762 [Test worker] DEBUG org.hibernate.engine.internal.TwoPhaseLoad - Done materializing entity [loc.balsen.kontospring.data.Beleg#1]
13:32:51.762 [Test worker] DEBUG org.hibernate.engine.internal.TwoPhaseLoad - Resolving associations for [loc.balsen.kontospring.data.Beleg#2]
13:32:51.762 [Test worker] DEBUG org.hibernate.engine.internal.TwoPhaseLoad - Done materializing entity [loc.balsen.kontospring.data.Beleg#2]
13:32:51.763 [Test worker] DEBUG org.hibernate.engine.internal.TwoPhaseLoad - Resolving associations for [loc.balsen.kontospring.data.Beleg#3]
13:32:51.763 [Test worker] DEBUG org.hibernate.engine.internal.TwoPhaseLoad - Done materializing entity [loc.balsen.kontospring.data.Beleg#3]
13:32:51.763 [Test worker] DEBUG org.hibernate.engine.internal.TwoPhaseLoad - Resolving associations for [loc.balsen.kontospring.data.Beleg#4]
13:32:51.763 [Test worker] DEBUG org.hibernate.engine.internal.TwoPhaseLoad - Done materializing entity [loc.balsen.kontospring.data.Beleg#4]
13:32:51.763 [Test worker] DEBUG org.hibernate.engine.internal.TwoPhaseLoad - Resolving associations for [loc.balsen.kontospring.data.Beleg#5]
13:32:51.763 [Test worker] DEBUG org.hibernate.engine.internal.TwoPhaseLoad - Done materializing entity [loc.balsen.kontospring.data.Beleg#5]
13:32:51.763 [Test worker] DEBUG org.hibernate.engine.transaction.internal.TransactionImpl - committing
13:32:51.763 [Test worker] DEBUG com.zaxxer.hikari.pool.PoolBase - HikariPool-1 - Reset (readOnly) on connection conn0: url=jdbc:h2:mem:db user=SA
]]></system-out>
  <system-err><![CDATA[Oct 01, 2018 1:32:48 PM org.springframework.test.context.support.DefaultTestContextBootstrapper buildDefaultMergedContextConfiguration
INFO: Neither @ContextConfiguration nor @ContextHierarchy found for test class [loc.balsen.kontospring.upload.ImportbaseTest], using DelegatingSmartContextLoader
Oct 01, 2018 1:32:48 PM org.springframework.test.context.support.AbstractContextLoader generateDefaultLocations
INFO: Could not detect default resource locations for test class [loc.balsen.kontospring.upload.ImportbaseTest]: no resource found for suffixes {-context.xml}.
Oct 01, 2018 1:32:48 PM org.springframework.test.context.support.AnnotationConfigContextLoaderUtils detectDefaultConfigurationClasses
INFO: Could not detect default configuration classes for test class [loc.balsen.kontospring.upload.ImportbaseTest]: ImportbaseTest does not declare any static, non-private, non-final, nested classes annotated with @Configuration.
Oct 01, 2018 1:32:48 PM org.springframework.test.context.support.DefaultTestContextBootstrapper getDefaultTestExecutionListenerClassNames
INFO: Loaded default TestExecutionListener class names from location [META-INF/spring.factories]: [org.springframework.boot.test.autoconfigure.restdocs.RestDocsTestExecutionListener, org.springframework.boot.test.autoconfigure.web.client.MockRestServiceServerResetTestExecutionListener, org.springframework.boot.test.autoconfigure.web.servlet.MockMvcPrintOnlyOnFailureTestExecutionListener, org.springframework.boot.test.autoconfigure.web.servlet.WebDriverTestExecutionListener, org.springframework.boot.test.mock.mockito.MockitoTestExecutionListener, org.springframework.boot.test.mock.mockito.ResetMocksTestExecutionListener, org.springframework.test.context.web.ServletTestExecutionListener, org.springframework.test.context.support.DirtiesContextBeforeModesTestExecutionListener, org.springframework.test.context.support.DependencyInjectionTestExecutionListener, org.springframework.test.context.support.DirtiesContextTestExecutionListener, org.springframework.test.context.transaction.TransactionalTestExecutionListener, org.springframework.test.context.jdbc.SqlScriptsTestExecutionListener]
Oct 01, 2018 1:32:48 PM org.springframework.test.context.support.DefaultTestContextBootstrapper getTestExecutionListeners
INFO: Using TestExecutionListeners: [org.springframework.test.context.web.ServletTestExecutionListener@11578174, org.springframework.test.context.support.DirtiesContextBeforeModesTestExecutionListener@36098061, org.springframework.boot.test.mock.mockito.MockitoTestExecutionListener@6dedff90, org.springframework.test.context.support.DependencyInjectionTestExecutionListener@699b0ebe, org.springframework.test.context.support.DirtiesContextTestExecutionListener@446a6ed8, org.springframework.test.context.transaction.TransactionalTestExecutionListener@3e9ae4bc, org.springframework.test.context.jdbc.SqlScriptsTestExecutionListener@3c899d80, org.springframework.boot.test.autoconfigure.restdocs.RestDocsTestExecutionListener@d569a51, org.springframework.boot.test.autoconfigure.web.client.MockRestServiceServerResetTestExecutionListener@1a5d398d, org.springframework.boot.test.autoconfigure.web.servlet.MockMvcPrintOnlyOnFailureTestExecutionListener@738b917e, org.springframework.boot.test.autoconfigure.web.servlet.WebDriverTestExecutionListener@31e7712, org.springframework.boot.test.mock.mockito.ResetMocksTestExecutionListener@3aa3e132]
Oct 01, 2018 1:32:48 PM org.springframework.context.support.GenericApplicationContext prepareRefresh
INFO: Refreshing org.springframework.context.support.GenericApplicationContext@628edb75: startup date [Mon Oct 01 13:32:48 CEST 2018]; root of context hierarchy
Oct 01, 2018 1:32:49 PM org.springframework.context.support.PostProcessorRegistrationDelegate$BeanPostProcessorChecker postProcessAfterInitialization
INFO: Bean 'org.springframework.transaction.annotation.ProxyTransactionManagementConfiguration' of type [org.springframework.transaction.annotation.ProxyTransactionManagementConfiguration$$EnhancerBySpringCGLIB$$25dd41b0] is not eligible for getting processed by all BeanPostProcessors (for example: not eligible for auto-proxying)
Oct 01, 2018 1:32:49 PM org.springframework.orm.jpa.LocalContainerEntityManagerFactoryBean createNativeEntityManagerFactory
INFO: Building JPA container EntityManagerFactory for persistence unit 'default'
Oct 01, 2018 1:32:50 PM org.springframework.orm.jpa.LocalContainerEntityManagerFactoryBean buildNativeEntityManagerFactory
INFO: Initialized JPA EntityManagerFactory for persistence unit 'default'
Oct 01, 2018 1:32:51 PM org.springframework.jmx.export.annotation.AnnotationMBeanExporter afterSingletonsInstantiated
INFO: Registering beans for JMX exposure on startup
Oct 01, 2018 1:32:51 PM org.springframework.jmx.export.annotation.AnnotationMBeanExporter autodetect
INFO: Bean with name 'dataSource' has been autodetected for JMX exposure
Oct 01, 2018 1:32:51 PM org.springframework.jmx.export.annotation.AnnotationMBeanExporter registerBeanInstance
INFO: Located MBean 'dataSource': registering with JMX server as MBean [com.zaxxer.hikari:name=dataSource,type=HikariDataSource]
]]></system-err>
</testsuite>
